Vivado Simulator 2018.2
Copyright 1986-1999, 2001-2018 Xilinx, Inc. All Rights Reserved.
Running: C:/Xilinx/Vivado/2018.2/bin/unwrapped/win64.o/xelab.exe -wto 1d6cf2c5ea2d44ac955a25b813d55c84 --incr --debug typical --relax --mt 2 -L xil_defaultlib -L secureip --snapshot rc5_dec_tb_func_impl xil_defaultlib.rc5_dec_tb -log elaborate.log 
Using 2 slave threads.
Starting static elaboration
Completed static elaboration
Starting simulation data flow analysis
Completed simulation data flow analysis
Time Resolution for simulation is 1ps
Compiling package std.standard
Compiling package std.textio
Compiling package ieee.std_logic_1164
Compiling package ieee.std_logic_arith
Compiling package ieee.std_logic_unsigned
Compiling package ieee.numeric_std
Compiling package unisim.vcomponents
Compiling package ieee.vital_timing
Compiling package ieee.vital_primitives
Compiling package unisim.vpkg
Compiling architecture lut6_v of entity unisim.LUT6 [\LUT6(init="10001011100010111000...]
Compiling architecture lut6_v of entity unisim.LUT6 [\LUT6(init="10101111101000001100...]
Compiling architecture lut4_v of entity unisim.LUT4 [\LUT4(init="1111111111111110")(0...]
Compiling architecture lut1_v of entity unisim.LUT1 [\LUT1(init="0001")(0,3)\]
Compiling architecture lut5_v of entity unisim.LUT5 [\LUT5(init="10001000101110001011...]
Compiling architecture fdce_v of entity unisim.FDCE [fdce_default]
Compiling architecture carry4_v of entity unisim.CARRY4 [carry4_default]
Compiling architecture lut3_v of entity unisim.LUT3 [\LUT3(init="10101100")(0,7)\]
Compiling architecture bufg_v of entity unisim.BUFG [bufg_default]
Compiling architecture ibuf_v of entity unisim.IBUF [\IBUF(1,9)(1,1)(1,4)(1,7)\]
Compiling architecture obuf_v of entity unisim.OBUF [\OBUF(1,9)(1,7)(1,4)\]
Compiling architecture lut5_v of entity unisim.LUT5 [\LUT5(init="11111111111111110000...]
Compiling architecture lut4_v of entity unisim.LUT4 [\LUT4(init="0101011010100110")(0...]
Compiling architecture lut3_v of entity unisim.LUT3 [\LUT3(init="00101110")(0,7)\]
Compiling architecture lut5_v of entity unisim.LUT5 [\LUT5(init="00000000000000000000...]
Compiling architecture lut5_v of entity unisim.LUT5 [\LUT5(init="00010000111100101110...]
Compiling architecture lut5_v of entity unisim.LUT5 [\LUT5(init="00000111011101101111...]
Compiling architecture lut5_v of entity unisim.LUT5 [\LUT5(init="00001101001001001111...]
Compiling architecture lut5_v of entity unisim.LUT5 [\LUT5(init="00010000110110001110...]
Compiling architecture lut5_v of entity unisim.LUT5 [\LUT5(init="00000010110010001111...]
Compiling architecture lut5_v of entity unisim.LUT5 [\LUT5(init="00001110111001101111...]
Compiling architecture lut5_v of entity unisim.LUT5 [\LUT5(init="00000010001110001111...]
Compiling architecture lut5_v of entity unisim.LUT5 [\LUT5(init="00010001100011001110...]
Compiling architecture lut5_v of entity unisim.LUT5 [\LUT5(init="00000010001100001111...]
Compiling architecture lut5_v of entity unisim.LUT5 [\LUT5(init="00001001011001101111...]
Compiling architecture lut5_v of entity unisim.LUT5 [\LUT5(init="00011100010110101110...]
Compiling architecture lut5_v of entity unisim.LUT5 [\LUT5(init="00001100001000101111...]
Compiling architecture lut5_v of entity unisim.LUT5 [\LUT5(init="00010001001010101110...]
Compiling architecture lut5_v of entity unisim.LUT5 [\LUT5(init="00000110000000101111...]
Compiling architecture lut5_v of entity unisim.LUT5 [\LUT5(init="00000001111011001111...]
Compiling architecture lut5_v of entity unisim.LUT5 [\LUT5(init="00001110011100001111...]
Compiling architecture lut5_v of entity unisim.LUT5 [\LUT5(init="00001001010011001111...]
Compiling architecture lut5_v of entity unisim.LUT5 [\LUT5(init="00001110001010001111...]
Compiling architecture lut5_v of entity unisim.LUT5 [\LUT5(init="00000111101001001111...]
Compiling architecture lut5_v of entity unisim.LUT5 [\LUT5(init="00011110001110001110...]
Compiling architecture lut5_v of entity unisim.LUT5 [\LUT5(init="00010101100000101110...]
Compiling architecture lut5_v of entity unisim.LUT5 [\LUT5(init="00010100010011101110...]
Compiling architecture lut5_v of entity unisim.LUT5 [\LUT5(init="00001011111101101111...]
Compiling architecture lut5_v of entity unisim.LUT5 [\LUT5(init="00000110100011001111...]
Compiling architecture lut5_v of entity unisim.LUT5 [\LUT5(init="00000101000110101111...]
Compiling architecture lut5_v of entity unisim.LUT5 [\LUT5(init="00001100110011101111...]
Compiling architecture lut5_v of entity unisim.LUT5 [\LUT5(init="00001100111000001111...]
Compiling architecture lut5_v of entity unisim.LUT5 [\LUT5(init="00000110011111101111...]
Compiling architecture lut5_v of entity unisim.LUT5 [\LUT5(init="00000001001110001111...]
Compiling architecture lut5_v of entity unisim.LUT5 [\LUT5(init="00011001010001101110...]
Compiling architecture lut5_v of entity unisim.LUT5 [\LUT5(init="00000001100001001111...]
Compiling architecture lut5_v of entity unisim.LUT5 [\LUT5(init="00011111100001101110...]
Compiling architecture lut5_v of entity unisim.LUT5 [\LUT5(init="00000001110100001111...]
Compiling architecture lut5_v of entity unisim.LUT5 [\LUT5(init="00000110110110001111...]
Compiling architecture lut5_v of entity unisim.LUT5 [\LUT5(init="00011011011100001110...]
Compiling architecture lut5_v of entity unisim.LUT5 [\LUT5(init="00010001110000101110...]
Compiling architecture lut5_v of entity unisim.LUT5 [\LUT5(init="00001111110010101111...]
Compiling architecture lut5_v of entity unisim.LUT5 [\LUT5(init="00010101101000101110...]
Compiling architecture lut5_v of entity unisim.LUT5 [\LUT5(init="00010101110010101110...]
Compiling architecture lut5_v of entity unisim.LUT5 [\LUT5(init="00000100010000001111...]
Compiling architecture lut5_v of entity unisim.LUT5 [\LUT5(init="00000110100001001111...]
Compiling architecture lut5_v of entity unisim.LUT5 [\LUT5(init="00011001001111001110...]
Compiling architecture lut5_v of entity unisim.LUT5 [\LUT5(init="00000010101110001111...]
Compiling architecture lut5_v of entity unisim.LUT5 [\LUT5(init="00011011100101001110...]
Compiling architecture lut5_v of entity unisim.LUT5 [\LUT5(init="00010111011011001110...]
Compiling architecture lut5_v of entity unisim.LUT5 [\LUT5(init="00001100011100101111...]
Compiling architecture lut5_v of entity unisim.LUT5 [\LUT5(init="00001010111101001111...]
Compiling architecture lut5_v of entity unisim.LUT5 [\LUT5(init="00010110011011101110...]
Compiling architecture lut5_v of entity unisim.LUT5 [\LUT5(init="00011000101010101110...]
Compiling architecture lut5_v of entity unisim.LUT5 [\LUT5(init="00010000101000001110...]
Compiling architecture lut5_v of entity unisim.LUT5 [\LUT5(init="00000101100010001111...]
Compiling architecture lut4_v of entity unisim.LUT4 [\LUT4(init="0001110011100011")(0...]
Compiling architecture lut5_v of entity unisim.LUT5 [\LUT5(init="00010111010110001110...]
Compiling architecture lut5_v of entity unisim.LUT5 [\LUT5(init="00000000110100001111...]
Compiling architecture lut5_v of entity unisim.LUT5 [\LUT5(init="00010110001000001110...]
Compiling architecture lut5_v of entity unisim.LUT5 [\LUT5(init="00000110001010001111...]
Compiling architecture lut5_v of entity unisim.LUT5 [\LUT5(init="00000100101110101111...]
Compiling architecture lut4_v of entity unisim.LUT4 [\LUT4(init="0001010011101011")(0...]
Compiling architecture lut5_v of entity unisim.LUT5 [\LUT5(init="00000011010001101111...]
Compiling architecture lut5_v of entity unisim.LUT5 [\LUT5(init="00010000010000101110...]
Compiling architecture lut5_v of entity unisim.LUT5 [\LUT5(init="00001011010001001111...]
Compiling architecture lut5_v of entity unisim.LUT5 [\LUT5(init="00011110100011001110...]
Compiling architecture lut5_v of entity unisim.LUT5 [\LUT5(init="00001110010101001111...]
Compiling architecture lut5_v of entity unisim.LUT5 [\LUT5(init="00011001100101001110...]
Compiling architecture lut2_v of entity unisim.LUT2 [\LUT2(init="0001")(0,3)\]
Compiling architecture lut3_v of entity unisim.LUT3 [\LUT3(init="00001001")(0,7)\]
Compiling architecture lut4_v of entity unisim.LUT4 [\LUT4(init="1110111011101011")(0...]
Compiling architecture lut5_v of entity unisim.LUT5 [\LUT5(init="11111111111111111111...]
Compiling architecture lut5_v of entity unisim.LUT5 [\LUT5(init="11101110111011101110...]
Compiling architecture fdpe_v of entity unisim.FDPE [fdpe_default]
Compiling architecture structure of entity xil_defaultlib.rc5_dec [rc5_dec_default]
Compiling architecture behavior of entity xil_defaultlib.rc5_dec_tb
Built simulation snapshot rc5_dec_tb_func_impl
