Copyright 1986-2018 Xilinx, Inc. All Rights Reserved.
-----------------------------------------------------------------------------------------
| Tool Version : Vivado v.2018.2 (win64) Build 2258646 Thu Jun 14 20:03:12 MDT 2018
| Date         : Mon Nov 26 00:52:51 2018
| Host         : DESKTOP-65OAGH3 running 64-bit major release  (build 9200)
| Command      : report_control_sets -verbose -file RC5_ENC_FPGA_control_sets_placed.rpt
| Design       : RC5_ENC_FPGA
| Device       : xc7a100t
-----------------------------------------------------------------------------------------

Control Set Information

Table of Contents
-----------------
1. Summary
2. Histogram
3. Flip-Flop Distribution
4. Detailed Control Set Information

1. Summary
----------

+----------------------------------------------------------+-------+
|                          Status                          | Count |
+----------------------------------------------------------+-------+
| Number of unique control sets                            |   351 |
| Unused register locations in slices containing registers |  1210 |
+----------------------------------------------------------+-------+


2. Histogram
------------

+--------+--------------+
| Fanout | Control Sets |
+--------+--------------+
|      2 |          199 |
|      4 |            2 |
|      8 |            3 |
|     12 |            1 |
|    16+ |          146 |
+--------+--------------+


3. Flip-Flop Distribution
-------------------------

+--------------+-----------------------+------------------------+-----------------+--------------+
| Clock Enable | Synchronous Set/Reset | Asynchronous Set/Reset | Total Registers | Total Slices |
+--------------+-----------------------+------------------------+-----------------+--------------+
| No           | No                    | No                     |             112 |           23 |
| No           | No                    | Yes                    |             316 |          140 |
| No           | Yes                   | No                     |             150 |           71 |
| Yes          | No                    | No                     |             136 |           20 |
| Yes          | No                    | Yes                    |            5140 |         1425 |
| Yes          | Yes                   | No                     |               0 |            0 |
+--------------+-----------------------+------------------------+-----------------+--------------+


4. Detailed Control Set Information
-----------------------------------

+---------------------------------------------------------------+---------------------------------------------------------+--------------------------------------------------------------+------------------+----------------+
|                          Clock Signal                         |                      Enable Signal                      |                       Set/Reset Signal                       | Slice Load Count | Bel Load Count |
+---------------------------------------------------------------+---------------------------------------------------------+--------------------------------------------------------------+------------------+----------------+
|  RC5_ENC_uut/Data_Mem_BD_uut/data_mem_reg[54][8]_LDC_i_1_n_1  |                                                         | RC5_ENC_uut/Data_Mem_BD_uut/data_mem_reg[54][8]_LDC_i_2_n_1  |                1 |              2 |
|  RC5_ENC_uut/Data_Mem_BD_uut/data_mem_reg[55][15]_LDC_i_1_n_1 |                                                         | RC5_ENC_uut/Data_Mem_BD_uut/data_mem_reg[55][15]_LDC_i_2_n_1 |                1 |              2 |
|  RC5_ENC_uut/Data_Mem_BD_uut/data_mem_reg[55][12]_LDC_i_1_n_1 |                                                         | RC5_ENC_uut/Data_Mem_BD_uut/data_mem_reg[55][12]_LDC_i_2_n_1 |                1 |              2 |
|  RC5_ENC_uut/Data_Mem_BD_uut/data_mem_reg[54][9]_LDC_i_1_n_1  |                                                         | RC5_ENC_uut/Data_Mem_BD_uut/data_mem_reg[54][9]_LDC_i_2_n_1  |                1 |              2 |
|  RC5_ENC_uut/Data_Mem_BD_uut/data_mem_reg[55][14]_LDC_i_1_n_1 |                                                         | RC5_ENC_uut/Data_Mem_BD_uut/data_mem_reg[55][14]_LDC_i_2_n_1 |                1 |              2 |
|  RC5_ENC_uut/Data_Mem_BD_uut/data_mem_reg[55][10]_LDC_i_1_n_1 |                                                         | RC5_ENC_uut/Data_Mem_BD_uut/data_mem_reg[55][10]_LDC_i_2_n_1 |                1 |              2 |
|  RC5_ENC_uut/Data_Mem_BD_uut/data_mem_reg[55][1]_LDC_i_1_n_1  |                                                         | RC5_ENC_uut/Data_Mem_BD_uut/data_mem_reg[55][1]_LDC_i_2_n_1  |                1 |              2 |
|  RC5_ENC_uut/Data_Mem_BD_uut/data_mem_reg[55][0]_LDC_i_1_n_1  |                                                         | RC5_ENC_uut/Data_Mem_BD_uut/data_mem_reg[55][0]_LDC_i_2_n_1  |                1 |              2 |
|  RC5_ENC_uut/Data_Mem_BD_uut/data_mem_reg[55][11]_LDC_i_1_n_1 |                                                         | RC5_ENC_uut/Data_Mem_BD_uut/data_mem_reg[55][11]_LDC_i_2_n_1 |                1 |              2 |
|  RC5_ENC_uut/Data_Mem_BD_uut/data_mem_reg[55][13]_LDC_i_1_n_1 |                                                         | RC5_ENC_uut/Data_Mem_BD_uut/data_mem_reg[55][13]_LDC_i_2_n_1 |                1 |              2 |
|  RC5_ENC_uut/Data_Mem_BD_uut/data_mem_reg[55][2]_LDC_i_1_n_1  |                                                         | RC5_ENC_uut/Data_Mem_BD_uut/data_mem_reg[55][2]_LDC_i_2_n_1  |                1 |              2 |
|  RC5_ENC_uut/Data_Mem_BD_uut/data_mem_reg[55][7]_LDC_i_1_n_1  |                                                         | RC5_ENC_uut/Data_Mem_BD_uut/data_mem_reg[55][7]_LDC_i_2_n_1  |                1 |              2 |
|  RC5_ENC_uut/Data_Mem_BD_uut/data_mem_reg[55][9]_LDC_i_1_n_1  |                                                         | RC5_ENC_uut/Data_Mem_BD_uut/data_mem_reg[55][9]_LDC_i_2_n_1  |                1 |              2 |
|  RC5_ENC_uut/Data_Mem_BD_uut/data_mem_reg[55][5]_LDC_i_1_n_1  |                                                         | RC5_ENC_uut/Data_Mem_BD_uut/data_mem_reg[55][5]_LDC_i_2_n_1  |                1 |              2 |
|  RC5_ENC_uut/Data_Mem_BD_uut/data_mem_reg[55][8]_LDC_i_1_n_1  |                                                         | RC5_ENC_uut/Data_Mem_BD_uut/data_mem_reg[55][8]_LDC_i_2_n_1  |                1 |              2 |
|  RC5_ENC_uut/Data_Mem_BD_uut/data_mem_reg[55][3]_LDC_i_1_n_1  |                                                         | RC5_ENC_uut/Data_Mem_BD_uut/data_mem_reg[55][3]_LDC_i_2_n_1  |                1 |              2 |
|  RC5_ENC_uut/Data_Mem_BD_uut/data_mem_reg[55][6]_LDC_i_1_n_1  |                                                         | RC5_ENC_uut/Data_Mem_BD_uut/data_mem_reg[55][6]_LDC_i_2_n_1  |                1 |              2 |
|  RC5_ENC_uut/Data_Mem_BD_uut/data_mem_reg[55][4]_LDC_i_1_n_1  |                                                         | RC5_ENC_uut/Data_Mem_BD_uut/data_mem_reg[55][4]_LDC_i_2_n_1  |                1 |              2 |
|  RC5_ENC_uut/Data_Mem_BD_uut/data_mem_reg[53][3]_LDC_i_1_n_1  |                                                         | RC5_ENC_uut/Data_Mem_BD_uut/data_mem_reg[53][3]_LDC_i_2_n_1  |                1 |              2 |
|  RC5_ENC_uut/Data_Mem_BD_uut/data_mem_reg[53][8]_LDC_i_1_n_1  |                                                         | RC5_ENC_uut/Data_Mem_BD_uut/data_mem_reg[53][8]_LDC_i_2_n_1  |                1 |              2 |
|  RC5_ENC_uut/Data_Mem_BD_uut/data_mem_reg[53][9]_LDC_i_1_n_1  |                                                         | RC5_ENC_uut/Data_Mem_BD_uut/data_mem_reg[53][9]_LDC_i_2_n_1  |                1 |              2 |
|  RC5_ENC_uut/Data_Mem_BD_uut/data_mem_reg[53][14]_LDC_i_1_n_1 |                                                         | RC5_ENC_uut/Data_Mem_BD_uut/data_mem_reg[53][14]_LDC_i_2_n_1 |                1 |              2 |
|  RC5_ENC_uut/Data_Mem_BD_uut/data_mem_reg[53][2]_LDC_i_1_n_1  |                                                         | RC5_ENC_uut/Data_Mem_BD_uut/data_mem_reg[53][2]_LDC_i_2_n_1  |                1 |              2 |
|  RC5_ENC_uut/Data_Mem_BD_uut/data_mem_reg[53][15]_LDC_i_1_n_1 |                                                         | RC5_ENC_uut/Data_Mem_BD_uut/data_mem_reg[53][15]_LDC_i_2_n_1 |                1 |              2 |
|  RC5_ENC_uut/Data_Mem_BD_uut/data_mem_reg[53][1]_LDC_i_1_n_1  |                                                         | RC5_ENC_uut/Data_Mem_BD_uut/data_mem_reg[53][1]_LDC_i_2_n_1  |                1 |              2 |
|  RC5_ENC_uut/Data_Mem_BD_uut/data_mem_reg[54][0]_LDC_i_1_n_1  |                                                         | RC5_ENC_uut/Data_Mem_BD_uut/data_mem_reg[54][0]_LDC_i_2_n_1  |                1 |              2 |
|  RC5_ENC_uut/Data_Mem_BD_uut/data_mem_reg[53][5]_LDC_i_1_n_1  |                                                         | RC5_ENC_uut/Data_Mem_BD_uut/data_mem_reg[53][5]_LDC_i_2_n_1  |                1 |              2 |
|  RC5_ENC_uut/Data_Mem_BD_uut/data_mem_reg[53][6]_LDC_i_1_n_1  |                                                         | RC5_ENC_uut/Data_Mem_BD_uut/data_mem_reg[53][6]_LDC_i_2_n_1  |                1 |              2 |
|  RC5_ENC_uut/Data_Mem_BD_uut/data_mem_reg[53][4]_LDC_i_1_n_1  |                                                         | RC5_ENC_uut/Data_Mem_BD_uut/data_mem_reg[53][4]_LDC_i_2_n_1  |                1 |              2 |
|  RC5_ENC_uut/Data_Mem_BD_uut/data_mem_reg[53][13]_LDC_i_1_n_1 |                                                         | RC5_ENC_uut/Data_Mem_BD_uut/data_mem_reg[53][13]_LDC_i_2_n_1 |                1 |              2 |
|  RC5_ENC_uut/Data_Mem_BD_uut/data_mem_reg[53][7]_LDC_i_1_n_1  |                                                         | RC5_ENC_uut/Data_Mem_BD_uut/data_mem_reg[53][7]_LDC_i_2_n_1  |                1 |              2 |
|  RC5_ENC_uut/Data_Mem_BD_uut/data_mem_reg[54][14]_LDC_i_1_n_1 |                                                         | RC5_ENC_uut/Data_Mem_BD_uut/data_mem_reg[54][14]_LDC_i_2_n_1 |                1 |              2 |
|  RC5_ENC_uut/Data_Mem_BD_uut/data_mem_reg[54][1]_LDC_i_1_n_1  |                                                         | RC5_ENC_uut/Data_Mem_BD_uut/data_mem_reg[54][1]_LDC_i_2_n_1  |                1 |              2 |
|  RC5_ENC_uut/Data_Mem_BD_uut/data_mem_reg[54][6]_LDC_i_1_n_1  |                                                         | RC5_ENC_uut/Data_Mem_BD_uut/data_mem_reg[54][6]_LDC_i_2_n_1  |                1 |              2 |
|  RC5_ENC_uut/Data_Mem_BD_uut/data_mem_reg[54][12]_LDC_i_1_n_1 |                                                         | RC5_ENC_uut/Data_Mem_BD_uut/data_mem_reg[54][12]_LDC_i_2_n_1 |                1 |              2 |
|  RC5_ENC_uut/Data_Mem_BD_uut/data_mem_reg[54][3]_LDC_i_1_n_1  |                                                         | RC5_ENC_uut/Data_Mem_BD_uut/data_mem_reg[54][3]_LDC_i_2_n_1  |                1 |              2 |
|  RC5_ENC_uut/Data_Mem_BD_uut/data_mem_reg[54][4]_LDC_i_1_n_1  |                                                         | RC5_ENC_uut/Data_Mem_BD_uut/data_mem_reg[54][4]_LDC_i_2_n_1  |                1 |              2 |
|  RC5_ENC_uut/Data_Mem_BD_uut/data_mem_reg[54][10]_LDC_i_1_n_1 |                                                         | RC5_ENC_uut/Data_Mem_BD_uut/data_mem_reg[54][10]_LDC_i_2_n_1 |                1 |              2 |
|  RC5_ENC_uut/Data_Mem_BD_uut/data_mem_reg[54][5]_LDC_i_1_n_1  |                                                         | RC5_ENC_uut/Data_Mem_BD_uut/data_mem_reg[54][5]_LDC_i_2_n_1  |                1 |              2 |
|  RC5_ENC_uut/Data_Mem_BD_uut/data_mem_reg[54][13]_LDC_i_1_n_1 |                                                         | RC5_ENC_uut/Data_Mem_BD_uut/data_mem_reg[54][13]_LDC_i_2_n_1 |                1 |              2 |
|  RC5_ENC_uut/Data_Mem_BD_uut/data_mem_reg[54][15]_LDC_i_1_n_1 |                                                         | RC5_ENC_uut/Data_Mem_BD_uut/data_mem_reg[54][15]_LDC_i_2_n_1 |                1 |              2 |
|  RC5_ENC_uut/Data_Mem_BD_uut/data_mem_reg[54][11]_LDC_i_1_n_1 |                                                         | RC5_ENC_uut/Data_Mem_BD_uut/data_mem_reg[54][11]_LDC_i_2_n_1 |                1 |              2 |
|  RC5_ENC_uut/Data_Mem_BD_uut/data_mem_reg[54][2]_LDC_i_1_n_1  |                                                         | RC5_ENC_uut/Data_Mem_BD_uut/data_mem_reg[54][2]_LDC_i_2_n_1  |                1 |              2 |
|  RC5_ENC_uut/Data_Mem_BD_uut/data_mem_reg[54][7]_LDC_i_1_n_1  |                                                         | RC5_ENC_uut/Data_Mem_BD_uut/data_mem_reg[54][7]_LDC_i_2_n_1  |                1 |              2 |
|  RC5_ENC_uut/Data_Mem_BD_uut/data_mem_reg[52][0]_LDC_i_1_n_1  |                                                         | RC5_ENC_uut/Data_Mem_BD_uut/data_mem_reg[52][0]_LDC_i_2_n_1  |                1 |              2 |
|  RC5_ENC_uut/Data_Mem_BD_uut/data_mem_reg[52][11]_LDC_i_1_n_1 |                                                         | RC5_ENC_uut/Data_Mem_BD_uut/data_mem_reg[52][11]_LDC_i_2_n_1 |                1 |              2 |
|  RC5_ENC_uut/Data_Mem_BD_uut/data_mem_reg[52][13]_LDC_i_1_n_1 |                                                         | RC5_ENC_uut/Data_Mem_BD_uut/data_mem_reg[52][13]_LDC_i_2_n_1 |                1 |              2 |
|  RC5_ENC_uut/Data_Mem_BD_uut/data_mem_reg[52][10]_LDC_i_1_n_1 |                                                         | RC5_ENC_uut/Data_Mem_BD_uut/data_mem_reg[52][10]_LDC_i_2_n_1 |                1 |              2 |
|  RC5_ENC_uut/Data_Mem_BD_uut/data_mem_reg[52][12]_LDC_i_1_n_1 |                                                         | RC5_ENC_uut/Data_Mem_BD_uut/data_mem_reg[52][12]_LDC_i_2_n_1 |                1 |              2 |
|  RC5_ENC_uut/Data_Mem_BD_uut/data_mem_reg[52][3]_LDC_i_1_n_1  |                                                         | RC5_ENC_uut/Data_Mem_BD_uut/data_mem_reg[52][3]_LDC_i_2_n_1  |                1 |              2 |
|  RC5_ENC_uut/Data_Mem_BD_uut/data_mem_reg[52][4]_LDC_i_1_n_1  |                                                         | RC5_ENC_uut/Data_Mem_BD_uut/data_mem_reg[52][4]_LDC_i_2_n_1  |                1 |              2 |
|  RC5_ENC_uut/Data_Mem_BD_uut/data_mem_reg[52][5]_LDC_i_1_n_1  |                                                         | RC5_ENC_uut/Data_Mem_BD_uut/data_mem_reg[52][5]_LDC_i_2_n_1  |                1 |              2 |
|  RC5_ENC_uut/Data_Mem_BD_uut/data_mem_reg[52][1]_LDC_i_1_n_1  |                                                         | RC5_ENC_uut/Data_Mem_BD_uut/data_mem_reg[52][1]_LDC_i_2_n_1  |                1 |              2 |
|  RC5_ENC_uut/Data_Mem_BD_uut/data_mem_reg[52][14]_LDC_i_1_n_1 |                                                         | RC5_ENC_uut/Data_Mem_BD_uut/data_mem_reg[52][14]_LDC_i_2_n_1 |                1 |              2 |
|  RC5_ENC_uut/Data_Mem_BD_uut/data_mem_reg[52][6]_LDC_i_1_n_1  |                                                         | RC5_ENC_uut/Data_Mem_BD_uut/data_mem_reg[52][6]_LDC_i_2_n_1  |                1 |              2 |
|  RC5_ENC_uut/Data_Mem_BD_uut/data_mem_reg[52][7]_LDC_i_1_n_1  |                                                         | RC5_ENC_uut/Data_Mem_BD_uut/data_mem_reg[52][7]_LDC_i_2_n_1  |                1 |              2 |
|  RC5_ENC_uut/Data_Mem_BD_uut/data_mem_reg[52][8]_LDC_i_1_n_1  |                                                         | RC5_ENC_uut/Data_Mem_BD_uut/data_mem_reg[52][8]_LDC_i_2_n_1  |                1 |              2 |
|  RC5_ENC_uut/Data_Mem_BD_uut/data_mem_reg[52][9]_LDC_i_1_n_1  |                                                         | RC5_ENC_uut/Data_Mem_BD_uut/data_mem_reg[52][9]_LDC_i_2_n_1  |                1 |              2 |
|  RC5_ENC_uut/Data_Mem_BD_uut/data_mem_reg[52][2]_LDC_i_1_n_1  |                                                         | RC5_ENC_uut/Data_Mem_BD_uut/data_mem_reg[52][2]_LDC_i_2_n_1  |                1 |              2 |
|  RC5_ENC_uut/Data_Mem_BD_uut/data_mem_reg[52][15]_LDC_i_1_n_1 |                                                         | RC5_ENC_uut/Data_Mem_BD_uut/data_mem_reg[52][15]_LDC_i_2_n_1 |                1 |              2 |
|  RC5_ENC_uut/Data_Mem_BD_uut/data_mem_reg[53][10]_LDC_i_1_n_1 |                                                         | RC5_ENC_uut/Data_Mem_BD_uut/data_mem_reg[53][10]_LDC_i_2_n_1 |                1 |              2 |
|  RC5_ENC_uut/Data_Mem_BD_uut/data_mem_reg[53][0]_LDC_i_1_n_1  |                                                         | RC5_ENC_uut/Data_Mem_BD_uut/data_mem_reg[53][0]_LDC_i_2_n_1  |                1 |              2 |
|  RC5_ENC_uut/Data_Mem_BD_uut/data_mem_reg[53][11]_LDC_i_1_n_1 |                                                         | RC5_ENC_uut/Data_Mem_BD_uut/data_mem_reg[53][11]_LDC_i_2_n_1 |                1 |              2 |
|  RC5_ENC_uut/Data_Mem_BD_uut/data_mem_reg[53][12]_LDC_i_1_n_1 |                                                         | RC5_ENC_uut/Data_Mem_BD_uut/data_mem_reg[53][12]_LDC_i_2_n_1 |                1 |              2 |
|  Clk_30_out                                                   | RC5_ENC_uut/Control_Unit_uut/data_mem_reg[55][0]_P      | RC5_ENC_uut/Data_Mem_BD_uut/data_mem_reg[55][12]_LDC_i_1_n_1 |                1 |              2 |
|  Clk_30_out                                                   | RC5_ENC_uut/Control_Unit_uut/data_mem[54]_50            | RC5_ENC_uut/Data_Mem_BD_uut/data_mem_reg[54][13]_LDC_i_1_n_1 |                1 |              2 |
|  Clk_30_out                                                   | RC5_ENC_uut/Control_Unit_uut/data_mem[54]_50            | RC5_ENC_uut/Data_Mem_BD_uut/data_mem_reg[54][15]_LDC_i_1_n_1 |                1 |              2 |
|  RC5_ENC_uut/FSM_onehot_state[4]_i_3_n_1                      |                                                         | RC5_ENC_uut/Data_Mem_BD_uut/data_mem_reg[57][3]_0            |                1 |              2 |
|  Clk_30_out                                                   | RC5_ENC_uut/Control_Unit_uut/data_mem[54]_50            | RC5_ENC_uut/Data_Mem_BD_uut/data_mem_reg[54][11]_LDC_i_1_n_1 |                1 |              2 |
|  Clk                                                          |                                                         |                                                              |                1 |              2 |
|  Clk                                                          |                                                         | Disp_Sel[1]_i_1_n_1                                          |                1 |              2 |
|  Clk                                                          |                                                         | Disp_Sel[4]_i_1_n_1                                          |                1 |              2 |
|  Clk_30_out                                                   | RC5_ENC_uut/Control_Unit_uut/data_mem[54]_50            | RC5_ENC_uut/Data_Mem_BD_uut/data_mem_reg[54][2]_LDC_i_1_n_1  |                1 |              2 |
|  Clk                                                          |                                                         | p_1_in__0[0]                                                 |                1 |              2 |
|  Clk                                                          |                                                         | p_1_in__0[1]                                                 |                1 |              2 |
|  Clk                                                          |                                                         | p_1_in__0[2]                                                 |                1 |              2 |
|  Clk_30_out                                                   | RC5_ENC_uut/Control_Unit_uut/data_mem[54]_50            | RC5_ENC_uut/Data_Mem_BD_uut/data_mem_reg[54][7]_LDC_i_1_n_1  |                1 |              2 |
|  Clk_30_out                                                   | RC5_ENC_uut/Control_Unit_uut/data_mem_reg[55][0]_P      | RC5_ENC_uut/Data_Mem_BD_uut/data_mem_reg[55][15]_LDC_i_1_n_1 |                1 |              2 |
|  Clk_30_out                                                   | RC5_ENC_uut/Control_Unit_uut/data_mem_reg[53][0]_P      | RC5_ENC_uut/Data_Mem_BD_uut/data_mem_reg[53][12]_LDC_i_1_n_1 |                1 |              2 |
|  Clk_30_out                                                   | RC5_ENC_uut/Control_Unit_uut/data_mem_reg[53][0]_P      | RC5_ENC_uut/Data_Mem_BD_uut/data_mem_reg[53][11]_LDC_i_1_n_1 |                1 |              2 |
|  Clk_30_out                                                   | RC5_ENC_uut/Control_Unit_uut/data_mem_reg[53][0]_P      | RC5_ENC_uut/Data_Mem_BD_uut/data_mem_reg[53][0]_LDC_i_1_n_1  |                1 |              2 |
|  Clk_30_out                                                   | RC5_ENC_uut/Control_Unit_uut/data_mem_reg[53][0]_P      | RC5_ENC_uut/Data_Mem_BD_uut/data_mem_reg[53][10]_LDC_i_1_n_1 |                1 |              2 |
|  Clk_30_out                                                   | RC5_ENC_uut/Control_Unit_uut/data_mem_reg[53][0]_P      | RC5_ENC_uut/Data_Mem_BD_uut/data_mem_reg[53][7]_LDC_i_1_n_1  |                1 |              2 |
|  Clk_30_out                                                   | RC5_ENC_uut/Control_Unit_uut/data_mem_reg[53][0]_P      | RC5_ENC_uut/Data_Mem_BD_uut/data_mem_reg[53][13]_LDC_i_1_n_1 |                1 |              2 |
|  Clk_30_out                                                   | RC5_ENC_uut/Control_Unit_uut/data_mem_reg[53][0]_P      | RC5_ENC_uut/Data_Mem_BD_uut/data_mem_reg[53][4]_LDC_i_1_n_1  |                1 |              2 |
|  Clk_30_out                                                   | RC5_ENC_uut/Control_Unit_uut/data_mem_reg[53][0]_P      | RC5_ENC_uut/Data_Mem_BD_uut/data_mem_reg[53][6]_LDC_i_1_n_1  |                1 |              2 |
|  Clk_30_out                                                   | RC5_ENC_uut/Control_Unit_uut/data_mem_reg[53][0]_P      | RC5_ENC_uut/Data_Mem_BD_uut/data_mem_reg[53][5]_LDC_i_1_n_1  |                1 |              2 |
|  Clk_30_out                                                   | RC5_ENC_uut/Control_Unit_uut/data_mem_reg[53][0]_P      | RC5_ENC_uut/Data_Mem_BD_uut/data_mem_reg[53][1]_LDC_i_1_n_1  |                1 |              2 |
|  Clk_30_out                                                   | RC5_ENC_uut/Control_Unit_uut/data_mem_reg[53][0]_P      | RC5_ENC_uut/Data_Mem_BD_uut/data_mem_reg[53][15]_LDC_i_1_n_1 |                1 |              2 |
|  Clk_30_out                                                   | RC5_ENC_uut/Control_Unit_uut/data_mem_reg[53][0]_P      | RC5_ENC_uut/Data_Mem_BD_uut/data_mem_reg[53][2]_LDC_i_1_n_1  |                1 |              2 |
|  Clk_30_out                                                   | RC5_ENC_uut/Control_Unit_uut/data_mem_reg[53][0]_P      | RC5_ENC_uut/Data_Mem_BD_uut/data_mem_reg[53][14]_LDC_i_1_n_1 |                1 |              2 |
|  Clk_30_out                                                   | RC5_ENC_uut/Control_Unit_uut/data_mem_reg[53][0]_P      | RC5_ENC_uut/Data_Mem_BD_uut/data_mem_reg[53][9]_LDC_i_1_n_1  |                1 |              2 |
|  Clk_30_out                                                   | RC5_ENC_uut/Control_Unit_uut/data_mem_reg[53][0]_P      | RC5_ENC_uut/Data_Mem_BD_uut/data_mem_reg[53][8]_LDC_i_1_n_1  |                1 |              2 |
|  Clk_30_out                                                   | RC5_ENC_uut/Control_Unit_uut/data_mem_reg[53][0]_P      | RC5_ENC_uut/Data_Mem_BD_uut/data_mem_reg[53][3]_LDC_i_1_n_1  |                1 |              2 |
|  Clk_30_out                                                   |                                                         | RC5_ENC_uut/Data_Mem_BD_uut/data_mem_reg[54][8]_LDC_i_2_n_1  |                1 |              2 |
|  Clk_30_out                                                   |                                                         | RC5_ENC_uut/Data_Mem_BD_uut/data_mem_reg[55][14]_LDC_i_2_n_1 |                1 |              2 |
|  Clk_30_out                                                   |                                                         | RC5_ENC_uut/Data_Mem_BD_uut/data_mem_reg[55][12]_LDC_i_2_n_1 |                1 |              2 |
|  Clk_30_out                                                   |                                                         | RC5_ENC_uut/Data_Mem_BD_uut/data_mem_reg[55][2]_LDC_i_2_n_1  |                1 |              2 |
|  Clk_30_out                                                   |                                                         | RC5_ENC_uut/Data_Mem_BD_uut/data_mem_reg[55][0]_LDC_i_2_n_1  |                1 |              2 |
|  Clk_30_out                                                   |                                                         | RC5_ENC_uut/Data_Mem_BD_uut/data_mem_reg[54][9]_LDC_i_2_n_1  |                1 |              2 |
|  Clk_30_out                                                   |                                                         | RC5_ENC_uut/Data_Mem_BD_uut/data_mem_reg[55][11]_LDC_i_2_n_1 |                1 |              2 |
|  Clk_30_out                                                   |                                                         | RC5_ENC_uut/Data_Mem_BD_uut/data_mem_reg[55][13]_LDC_i_2_n_1 |                1 |              2 |
|  Clk_30_out                                                   |                                                         | RC5_ENC_uut/Data_Mem_BD_uut/data_mem_reg[55][10]_LDC_i_2_n_1 |                1 |              2 |
|  Clk_30_out                                                   |                                                         | RC5_ENC_uut/Data_Mem_BD_uut/data_mem_reg[55][15]_LDC_i_2_n_1 |                1 |              2 |
|  Clk_30_out                                                   |                                                         | RC5_ENC_uut/Data_Mem_BD_uut/data_mem_reg[55][1]_LDC_i_2_n_1  |                1 |              2 |
|  Clk_30_out                                                   |                                                         | RC5_ENC_uut/Data_Mem_BD_uut/data_mem_reg[55][7]_LDC_i_2_n_1  |                1 |              2 |
|  Clk_30_out                                                   |                                                         | RC5_ENC_uut/Data_Mem_BD_uut/data_mem_reg[55][4]_LDC_i_2_n_1  |                1 |              2 |
|  Clk_30_out                                                   |                                                         | RC5_ENC_uut/Data_Mem_BD_uut/data_mem_reg[55][6]_LDC_i_2_n_1  |                1 |              2 |
|  Clk_30_out                                                   |                                                         | RC5_ENC_uut/Data_Mem_BD_uut/data_mem_reg[55][9]_LDC_i_2_n_1  |                1 |              2 |
|  Clk_30_out                                                   |                                                         | RC5_ENC_uut/Data_Mem_BD_uut/data_mem_reg[55][3]_LDC_i_2_n_1  |                1 |              2 |
|  Clk_30_out                                                   |                                                         | RC5_ENC_uut/Data_Mem_BD_uut/data_mem_reg[55][8]_LDC_i_2_n_1  |                1 |              2 |
|  Clk_30_out                                                   |                                                         | RC5_ENC_uut/Data_Mem_BD_uut/data_mem_reg[55][5]_LDC_i_2_n_1  |                1 |              2 |
|  Clk_30_out                                                   |                                                         | RC5_ENC_uut/Data_Mem_BD_uut/data_mem_reg[53][6]_LDC_i_2_n_1  |                1 |              2 |
|  Clk_30_out                                                   |                                                         | RC5_ENC_uut/Data_Mem_BD_uut/data_mem_reg[53][7]_LDC_i_2_n_1  |                1 |              2 |
|  Clk_30_out                                                   |                                                         | RC5_ENC_uut/Data_Mem_BD_uut/data_mem_reg[53][9]_LDC_i_2_n_1  |                1 |              2 |
|  Clk_30_out                                                   |                                                         | RC5_ENC_uut/Data_Mem_BD_uut/data_mem_reg[53][2]_LDC_i_2_n_1  |                1 |              2 |
|  Clk_30_out                                                   |                                                         | RC5_ENC_uut/Data_Mem_BD_uut/data_mem_reg[53][15]_LDC_i_2_n_1 |                1 |              2 |
|  Clk_30_out                                                   |                                                         | RC5_ENC_uut/Data_Mem_BD_uut/data_mem_reg[53][1]_LDC_i_2_n_1  |                1 |              2 |
|  Clk_30_out                                                   |                                                         | RC5_ENC_uut/Data_Mem_BD_uut/data_mem_reg[53][5]_LDC_i_2_n_1  |                1 |              2 |
|  Clk_30_out                                                   |                                                         | RC5_ENC_uut/Data_Mem_BD_uut/data_mem_reg[53][3]_LDC_i_2_n_1  |                1 |              2 |
|  Clk_30_out                                                   |                                                         | RC5_ENC_uut/Data_Mem_BD_uut/data_mem_reg[53][14]_LDC_i_2_n_1 |                1 |              2 |
|  Clk_30_out                                                   |                                                         | RC5_ENC_uut/Data_Mem_BD_uut/data_mem_reg[53][8]_LDC_i_2_n_1  |                1 |              2 |
|  Clk_30_out                                                   |                                                         | RC5_ENC_uut/Data_Mem_BD_uut/data_mem_reg[53][13]_LDC_i_2_n_1 |                1 |              2 |
|  Clk_30_out                                                   |                                                         | RC5_ENC_uut/Data_Mem_BD_uut/data_mem_reg[53][4]_LDC_i_2_n_1  |                1 |              2 |
|  Clk_30_out                                                   |                                                         | RC5_ENC_uut/Data_Mem_BD_uut/data_mem_reg[54][14]_LDC_i_2_n_1 |                1 |              2 |
|  Clk_30_out                                                   |                                                         | RC5_ENC_uut/Data_Mem_BD_uut/data_mem_reg[54][4]_LDC_i_2_n_1  |                1 |              2 |
|  Clk_30_out                                                   |                                                         | RC5_ENC_uut/Data_Mem_BD_uut/data_mem_reg[54][3]_LDC_i_2_n_1  |                1 |              2 |
|  Clk_30_out                                                   |                                                         | RC5_ENC_uut/Data_Mem_BD_uut/data_mem_reg[54][5]_LDC_i_2_n_1  |                1 |              2 |
|  Clk_30_out                                                   |                                                         | RC5_ENC_uut/Data_Mem_BD_uut/data_mem_reg[54][6]_LDC_i_2_n_1  |                1 |              2 |
|  Clk_30_out                                                   |                                                         | RC5_ENC_uut/Data_Mem_BD_uut/data_mem_reg[54][10]_LDC_i_2_n_1 |                1 |              2 |
|  Clk_30_out                                                   |                                                         | RC5_ENC_uut/Data_Mem_BD_uut/data_mem_reg[54][0]_LDC_i_2_n_1  |                1 |              2 |
|  Clk_30_out                                                   |                                                         | RC5_ENC_uut/Data_Mem_BD_uut/data_mem_reg[54][1]_LDC_i_2_n_1  |                1 |              2 |
|  Clk_30_out                                                   |                                                         | RC5_ENC_uut/Data_Mem_BD_uut/data_mem_reg[54][2]_LDC_i_2_n_1  |                1 |              2 |
|  Clk_30_out                                                   |                                                         | RC5_ENC_uut/Data_Mem_BD_uut/data_mem_reg[54][11]_LDC_i_2_n_1 |                1 |              2 |
|  Clk_30_out                                                   |                                                         | RC5_ENC_uut/Data_Mem_BD_uut/data_mem_reg[54][13]_LDC_i_2_n_1 |                1 |              2 |
|  Clk_30_out                                                   |                                                         | RC5_ENC_uut/Data_Mem_BD_uut/data_mem_reg[54][15]_LDC_i_2_n_1 |                1 |              2 |
|  Clk_30_out                                                   |                                                         | RC5_ENC_uut/Data_Mem_BD_uut/data_mem_reg[54][12]_LDC_i_2_n_1 |                1 |              2 |
|  Clk_30_out                                                   |                                                         | RC5_ENC_uut/Data_Mem_BD_uut/data_mem_reg[54][7]_LDC_i_2_n_1  |                1 |              2 |
|  Clk_30_out                                                   |                                                         | RC5_ENC_uut/Data_Mem_BD_uut/data_mem_reg[52][0]_LDC_i_2_n_1  |                1 |              2 |
|  Clk_30_out                                                   |                                                         | RC5_ENC_uut/Data_Mem_BD_uut/data_mem_reg[52][12]_LDC_i_2_n_1 |                1 |              2 |
|  Clk_30_out                                                   |                                                         | RC5_ENC_uut/Data_Mem_BD_uut/data_mem_reg[52][10]_LDC_i_2_n_1 |                1 |              2 |
|  Clk_30_out                                                   |                                                         | RC5_ENC_uut/Data_Mem_BD_uut/data_mem_reg[52][13]_LDC_i_2_n_1 |                1 |              2 |
|  Clk_30_out                                                   |                                                         | RC5_ENC_uut/Data_Mem_BD_uut/data_mem_reg[52][11]_LDC_i_2_n_1 |                1 |              2 |
|  Clk_30_out                                                   |                                                         | RC5_ENC_uut/Data_Mem_BD_uut/data_mem_reg[52][3]_LDC_i_2_n_1  |                1 |              2 |
|  Clk_30_out                                                   |                                                         | RC5_ENC_uut/Data_Mem_BD_uut/data_mem_reg[52][7]_LDC_i_2_n_1  |                1 |              2 |
|  Clk_30_out                                                   |                                                         | RC5_ENC_uut/Data_Mem_BD_uut/data_mem_reg[52][5]_LDC_i_2_n_1  |                1 |              2 |
|  Clk_30_out                                                   |                                                         | RC5_ENC_uut/Data_Mem_BD_uut/data_mem_reg[52][8]_LDC_i_2_n_1  |                1 |              2 |
|  Clk_30_out                                                   |                                                         | RC5_ENC_uut/Data_Mem_BD_uut/data_mem_reg[52][6]_LDC_i_2_n_1  |                1 |              2 |
|  Clk_30_out                                                   |                                                         | RC5_ENC_uut/Data_Mem_BD_uut/data_mem_reg[52][2]_LDC_i_2_n_1  |                1 |              2 |
|  Clk_30_out                                                   |                                                         | RC5_ENC_uut/Data_Mem_BD_uut/data_mem_reg[52][9]_LDC_i_2_n_1  |                1 |              2 |
|  Clk_30_out                                                   |                                                         | RC5_ENC_uut/Data_Mem_BD_uut/data_mem_reg[52][14]_LDC_i_2_n_1 |                1 |              2 |
|  Clk_30_out                                                   |                                                         | RC5_ENC_uut/Data_Mem_BD_uut/data_mem_reg[52][1]_LDC_i_2_n_1  |                1 |              2 |
|  Clk_30_out                                                   |                                                         | RC5_ENC_uut/Data_Mem_BD_uut/data_mem_reg[52][15]_LDC_i_2_n_1 |                1 |              2 |
|  Clk_30_out                                                   |                                                         | RC5_ENC_uut/Data_Mem_BD_uut/data_mem_reg[52][4]_LDC_i_2_n_1  |                1 |              2 |
|  Clk_30_out                                                   |                                                         | RC5_ENC_uut/Data_Mem_BD_uut/data_mem_reg[53][0]_LDC_i_2_n_1  |                1 |              2 |
|  Clk_30_out                                                   |                                                         | RC5_ENC_uut/Data_Mem_BD_uut/data_mem_reg[53][11]_LDC_i_2_n_1 |                1 |              2 |
|  Clk_30_out                                                   |                                                         | RC5_ENC_uut/Data_Mem_BD_uut/data_mem_reg[53][10]_LDC_i_2_n_1 |                1 |              2 |
|  Clk_30_out                                                   |                                                         | RC5_ENC_uut/Data_Mem_BD_uut/data_mem_reg[53][12]_LDC_i_2_n_1 |                1 |              2 |
|  Clk_30_out                                                   | RC5_ENC_uut/Control_Unit_uut/data_mem_reg[55][0]_P      | RC5_ENC_uut/Data_Mem_BD_uut/data_mem_reg[55][14]_LDC_i_1_n_1 |                1 |              2 |
|  Clk_30_out                                                   | RC5_ENC_uut/Control_Unit_uut/data_mem_reg[55][0]_P      | RC5_ENC_uut/Data_Mem_BD_uut/data_mem_reg[55][10]_LDC_i_1_n_1 |                1 |              2 |
|  Clk_30_out                                                   | RC5_ENC_uut/Control_Unit_uut/data_mem_reg[55][0]_P      | RC5_ENC_uut/Data_Mem_BD_uut/data_mem_reg[55][1]_LDC_i_1_n_1  |                1 |              2 |
|  Clk_30_out                                                   | RC5_ENC_uut/Control_Unit_uut/data_mem_reg[55][0]_P      | RC5_ENC_uut/Data_Mem_BD_uut/data_mem_reg[55][0]_LDC_i_1_n_1  |                1 |              2 |
|  Clk_30_out                                                   | RC5_ENC_uut/Control_Unit_uut/data_mem_reg[55][0]_P      | RC5_ENC_uut/Data_Mem_BD_uut/data_mem_reg[55][11]_LDC_i_1_n_1 |                1 |              2 |
|  Clk_30_out                                                   | RC5_ENC_uut/Control_Unit_uut/data_mem_reg[55][0]_P      | RC5_ENC_uut/Data_Mem_BD_uut/data_mem_reg[55][13]_LDC_i_1_n_1 |                1 |              2 |
|  Clk_30_out                                                   | RC5_ENC_uut/Control_Unit_uut/data_mem_reg[55][0]_P      | RC5_ENC_uut/Data_Mem_BD_uut/data_mem_reg[55][2]_LDC_i_1_n_1  |                1 |              2 |
|  Clk_30_out                                                   | RC5_ENC_uut/Control_Unit_uut/data_mem_reg[55][0]_P      | RC5_ENC_uut/Data_Mem_BD_uut/data_mem_reg[55][7]_LDC_i_1_n_1  |                1 |              2 |
|  Clk_30_out                                                   | RC5_ENC_uut/Control_Unit_uut/data_mem_reg[55][0]_P      | RC5_ENC_uut/Data_Mem_BD_uut/data_mem_reg[55][9]_LDC_i_1_n_1  |                1 |              2 |
|  Clk_30_out                                                   | RC5_ENC_uut/Control_Unit_uut/data_mem_reg[55][0]_P      | RC5_ENC_uut/Data_Mem_BD_uut/data_mem_reg[55][5]_LDC_i_1_n_1  |                1 |              2 |
|  Clk_30_out                                                   | RC5_ENC_uut/Control_Unit_uut/data_mem_reg[55][0]_P      | RC5_ENC_uut/Data_Mem_BD_uut/data_mem_reg[55][8]_LDC_i_1_n_1  |                1 |              2 |
|  Clk_30_out                                                   | RC5_ENC_uut/Control_Unit_uut/data_mem_reg[55][0]_P      | RC5_ENC_uut/Data_Mem_BD_uut/data_mem_reg[55][3]_LDC_i_1_n_1  |                1 |              2 |
|  Clk_30_out                                                   | RC5_ENC_uut/Control_Unit_uut/data_mem_reg[55][0]_P      | RC5_ENC_uut/Data_Mem_BD_uut/data_mem_reg[55][6]_LDC_i_1_n_1  |                1 |              2 |
|  Clk_30_out                                                   | RC5_ENC_uut/Control_Unit_uut/data_mem_reg[55][0]_P      | RC5_ENC_uut/Data_Mem_BD_uut/data_mem_reg[55][4]_LDC_i_1_n_1  |                1 |              2 |
|  Clk_30_out                                                   | RC5_ENC_uut/Control_Unit_uut/data_mem[52]_51            | RC5_ENC_uut/Data_Mem_BD_uut/data_mem_reg[52][0]_LDC_i_1_n_1  |                1 |              2 |
|  Clk_30_out                                                   | RC5_ENC_uut/Control_Unit_uut/data_mem[52]_51            | RC5_ENC_uut/Data_Mem_BD_uut/data_mem_reg[52][11]_LDC_i_1_n_1 |                1 |              2 |
|  Clk_30_out                                                   | RC5_ENC_uut/Control_Unit_uut/data_mem[52]_51            | RC5_ENC_uut/Data_Mem_BD_uut/data_mem_reg[52][13]_LDC_i_1_n_1 |                1 |              2 |
|  Clk_30_out                                                   | RC5_ENC_uut/Control_Unit_uut/data_mem[52]_51            | RC5_ENC_uut/Data_Mem_BD_uut/data_mem_reg[52][10]_LDC_i_1_n_1 |                1 |              2 |
|  Clk_30_out                                                   | RC5_ENC_uut/Control_Unit_uut/data_mem[52]_51            | RC5_ENC_uut/Data_Mem_BD_uut/data_mem_reg[52][12]_LDC_i_1_n_1 |                1 |              2 |
|  Clk_30_out                                                   | RC5_ENC_uut/Control_Unit_uut/data_mem[52]_51            | RC5_ENC_uut/Data_Mem_BD_uut/data_mem_reg[52][3]_LDC_i_1_n_1  |                1 |              2 |
|  Clk_30_out                                                   | RC5_ENC_uut/Control_Unit_uut/data_mem[52]_51            | RC5_ENC_uut/Data_Mem_BD_uut/data_mem_reg[52][4]_LDC_i_1_n_1  |                1 |              2 |
|  Clk_30_out                                                   | RC5_ENC_uut/Control_Unit_uut/data_mem[52]_51            | RC5_ENC_uut/Data_Mem_BD_uut/data_mem_reg[52][5]_LDC_i_1_n_1  |                1 |              2 |
|  Clk_30_out                                                   | RC5_ENC_uut/Control_Unit_uut/data_mem[52]_51            | RC5_ENC_uut/Data_Mem_BD_uut/data_mem_reg[52][1]_LDC_i_1_n_1  |                1 |              2 |
|  Clk_30_out                                                   | RC5_ENC_uut/Control_Unit_uut/data_mem[52]_51            | RC5_ENC_uut/Data_Mem_BD_uut/data_mem_reg[52][14]_LDC_i_1_n_1 |                1 |              2 |
|  Clk_30_out                                                   | RC5_ENC_uut/Control_Unit_uut/data_mem[52]_51            | RC5_ENC_uut/Data_Mem_BD_uut/data_mem_reg[52][6]_LDC_i_1_n_1  |                1 |              2 |
|  Clk_30_out                                                   | RC5_ENC_uut/Control_Unit_uut/data_mem[52]_51            | RC5_ENC_uut/Data_Mem_BD_uut/data_mem_reg[52][7]_LDC_i_1_n_1  |                1 |              2 |
|  Clk_30_out                                                   | RC5_ENC_uut/Control_Unit_uut/data_mem[52]_51            | RC5_ENC_uut/Data_Mem_BD_uut/data_mem_reg[52][8]_LDC_i_1_n_1  |                1 |              2 |
|  Clk_30_out                                                   | RC5_ENC_uut/Control_Unit_uut/data_mem[52]_51            | RC5_ENC_uut/Data_Mem_BD_uut/data_mem_reg[52][9]_LDC_i_1_n_1  |                1 |              2 |
|  Clk_30_out                                                   | RC5_ENC_uut/Control_Unit_uut/data_mem[52]_51            | RC5_ENC_uut/Data_Mem_BD_uut/data_mem_reg[52][2]_LDC_i_1_n_1  |                1 |              2 |
|  Clk_30_out                                                   | RC5_ENC_uut/Control_Unit_uut/data_mem[52]_51            | RC5_ENC_uut/Data_Mem_BD_uut/data_mem_reg[52][15]_LDC_i_1_n_1 |                1 |              2 |
|  Clk_30_out                                                   | RC5_ENC_uut/Control_Unit_uut/data_mem[54]_50            | RC5_ENC_uut/Data_Mem_BD_uut/data_mem_reg[54][8]_LDC_i_1_n_1  |                1 |              2 |
|  Clk_30_out                                                   | RC5_ENC_uut/Control_Unit_uut/data_mem[54]_50            | RC5_ENC_uut/Data_Mem_BD_uut/data_mem_reg[54][9]_LDC_i_1_n_1  |                1 |              2 |
|  Clk_30_out                                                   | RC5_ENC_uut/Control_Unit_uut/data_mem[54]_50            | RC5_ENC_uut/Data_Mem_BD_uut/data_mem_reg[54][0]_LDC_i_1_n_1  |                1 |              2 |
|  Clk_30_out                                                   | RC5_ENC_uut/Control_Unit_uut/data_mem[54]_50            | RC5_ENC_uut/Data_Mem_BD_uut/data_mem_reg[54][14]_LDC_i_1_n_1 |                1 |              2 |
|  Clk_30_out                                                   | RC5_ENC_uut/Control_Unit_uut/data_mem[54]_50            | RC5_ENC_uut/Data_Mem_BD_uut/data_mem_reg[54][1]_LDC_i_1_n_1  |                1 |              2 |
|  Clk_30_out                                                   | RC5_ENC_uut/Control_Unit_uut/data_mem[54]_50            | RC5_ENC_uut/Data_Mem_BD_uut/data_mem_reg[54][6]_LDC_i_1_n_1  |                1 |              2 |
|  Clk_30_out                                                   | RC5_ENC_uut/Control_Unit_uut/data_mem[54]_50            | RC5_ENC_uut/Data_Mem_BD_uut/data_mem_reg[54][12]_LDC_i_1_n_1 |                1 |              2 |
|  Clk_30_out                                                   | RC5_ENC_uut/Control_Unit_uut/data_mem[54]_50            | RC5_ENC_uut/Data_Mem_BD_uut/data_mem_reg[54][3]_LDC_i_1_n_1  |                1 |              2 |
|  Clk_30_out                                                   | RC5_ENC_uut/Control_Unit_uut/data_mem[54]_50            | RC5_ENC_uut/Data_Mem_BD_uut/data_mem_reg[54][4]_LDC_i_1_n_1  |                1 |              2 |
|  Clk_30_out                                                   | RC5_ENC_uut/Control_Unit_uut/data_mem[54]_50            | RC5_ENC_uut/Data_Mem_BD_uut/data_mem_reg[54][10]_LDC_i_1_n_1 |                1 |              2 |
|  Clk_30_out                                                   | RC5_ENC_uut/Control_Unit_uut/data_mem[54]_50            | RC5_ENC_uut/Data_Mem_BD_uut/data_mem_reg[54][5]_LDC_i_1_n_1  |                1 |              2 |
|  Clk                                                          |                                                         | Disp_Sel[7]_i_1_n_1                                          |                1 |              4 |
|  Sysclk_IBUF_BUFG                                             |                                                         | RC5_ENC_uut/Data_Mem_BD_uut/data_mem_reg[57][3]_0            |                1 |              4 |
|  RC5_ENC_uut/Flipflop_uut/O[27]_i_2_n_1                       | RC5_ENC_uut/Flipflop_uut/Jump                           | RC5_ENC_uut/Data_Mem_BD_uut/data_mem_reg[57][3]_0            |                1 |              8 |
|  RC5_ENC_uut/Flipflop_uut/reg_reg[15][11]_2[0]                |                                                         | RC5_ENC_uut/Data_Mem_BD_uut/data_mem_reg[57][3]_0            |                1 |              8 |
|  Clk                                                          | Disp_Hex[3]_i_1_n_1                                     |                                                              |                3 |              8 |
|  RC5_ENC_uut/FSM_onehot_state[4]_i_3_n_1                      | RC5_ENC_uut/FSM_onehot_state[4]_i_1_n_1                 | RC5_ENC_uut/Data_Mem_BD_uut/data_mem_reg[57][3]_0            |                3 |             12 |
|  Clk_30_out                                                   | RC5_ENC_uut/Control_Unit_uut/data_mem_reg[105][0][0]    | RC5_ENC_uut/Data_Mem_BD_uut/data_mem_reg[57][3]_0            |               12 |             32 |
|  Clk_30_out                                                   | RC5_ENC_uut/Control_Unit_uut/data_mem_reg[109][0][0]    | RC5_ENC_uut/Data_Mem_BD_uut/data_mem_reg[57][3]_0            |               10 |             32 |
|  Clk_30_out                                                   | RC5_ENC_uut/Control_Unit_uut/data_mem_reg[110][15][0]   | RC5_ENC_uut/Data_Mem_BD_uut/data_mem_reg[57][3]_0            |               13 |             32 |
|  Clk_30_out                                                   | RC5_ENC_uut/Control_Unit_uut/data_mem_reg[112][15][0]   | RC5_ENC_uut/Data_Mem_BD_uut/data_mem_reg[57][3]_0            |               11 |             32 |
|  Clk_30_out                                                   | RC5_ENC_uut/Control_Unit_uut/data_mem_reg[111][0][0]    | RC5_ENC_uut/Data_Mem_BD_uut/data_mem_reg[57][3]_0            |               10 |             32 |
|  Clk_30_out                                                   | RC5_ENC_uut/Control_Unit_uut/data_mem_reg[10][15][0]    | RC5_ENC_uut/Data_Mem_BD_uut/data_mem_reg[57][3]_0            |               14 |             32 |
|  Clk_30_out                                                   | RC5_ENC_uut/Control_Unit_uut/data_mem_reg[113][0][0]    | RC5_ENC_uut/Data_Mem_BD_uut/data_mem_reg[57][3]_0            |               10 |             32 |
|  Clk_30_out                                                   | RC5_ENC_uut/Control_Unit_uut/data_mem_reg[114][15][0]   | RC5_ENC_uut/Data_Mem_BD_uut/data_mem_reg[57][3]_0            |               10 |             32 |
|  Clk_30_out                                                   | RC5_ENC_uut/Control_Unit_uut/data_mem_reg[115][0][0]    | RC5_ENC_uut/Data_Mem_BD_uut/data_mem_reg[57][3]_0            |               11 |             32 |
|  Clk_30_out                                                   | RC5_ENC_uut/Control_Unit_uut/data_mem_reg[116][15][0]   | RC5_ENC_uut/Data_Mem_BD_uut/data_mem_reg[57][3]_0            |                7 |             32 |
|  Clk_30_out                                                   | RC5_ENC_uut/Control_Unit_uut/data_mem_reg[117][0][0]    | RC5_ENC_uut/Data_Mem_BD_uut/data_mem_reg[57][3]_0            |                9 |             32 |
|  Clk_30_out                                                   | RC5_ENC_uut/Control_Unit_uut/data_mem_reg[118][15][0]   | RC5_ENC_uut/Data_Mem_BD_uut/data_mem_reg[57][3]_0            |               16 |             32 |
|  Clk_30_out                                                   | RC5_ENC_uut/Control_Unit_uut/data_mem_reg[119][0][0]    | RC5_ENC_uut/Data_Mem_BD_uut/data_mem_reg[57][3]_0            |               10 |             32 |
|  Clk_30_out                                                   | RC5_ENC_uut/Control_Unit_uut/data_mem_reg[121][0][0]    | RC5_ENC_uut/Data_Mem_BD_uut/data_mem_reg[57][3]_0            |                8 |             32 |
|  Clk_30_out                                                   | RC5_ENC_uut/Control_Unit_uut/data_mem_reg[123][0][0]    | RC5_ENC_uut/Data_Mem_BD_uut/data_mem_reg[57][3]_0            |               11 |             32 |
|  Clk_30_out                                                   | RC5_ENC_uut/Control_Unit_uut/data_mem_reg[120][15][0]   | RC5_ENC_uut/Data_Mem_BD_uut/data_mem_reg[57][3]_0            |                9 |             32 |
|  Clk_30_out                                                   | RC5_ENC_uut/Control_Unit_uut/data_mem_reg[11][0][0]     | RC5_ENC_uut/Data_Mem_BD_uut/data_mem_reg[57][3]_0            |                7 |             32 |
|  Clk_30_out                                                   | RC5_ENC_uut/Control_Unit_uut/data_mem_reg[122][15][0]   | RC5_ENC_uut/Data_Mem_BD_uut/data_mem_reg[57][3]_0            |               16 |             32 |
|  Clk_30_out                                                   | RC5_ENC_uut/Control_Unit_uut/data_mem_reg[12][15][0]    | RC5_ENC_uut/Data_Mem_BD_uut/data_mem_reg[57][3]_0            |                5 |             32 |
|  Clk_30_out                                                   | RC5_ENC_uut/Control_Unit_uut/data_mem_reg[13][0][0]     | RC5_ENC_uut/Data_Mem_BD_uut/data_mem_reg[57][3]_0            |                5 |             32 |
|  Clk_30_out                                                   | RC5_ENC_uut/Control_Unit_uut/data_mem_reg[125][0][0]    | RC5_ENC_uut/Data_Mem_BD_uut/data_mem_reg[57][3]_0            |               10 |             32 |
|  Clk_30_out                                                   | RC5_ENC_uut/Control_Unit_uut/data_mem_reg[126][15]_0[0] | RC5_ENC_uut/Data_Mem_BD_uut/data_mem_reg[57][3]_0            |               14 |             32 |
|  Clk_30_out                                                   | RC5_ENC_uut/Control_Unit_uut/data_mem_reg[124][15][0]   | RC5_ENC_uut/Data_Mem_BD_uut/data_mem_reg[57][3]_0            |               11 |             32 |
|  Clk_30_out                                                   | RC5_ENC_uut/Control_Unit_uut/data_mem_reg[17][0][0]     | RC5_ENC_uut/Data_Mem_BD_uut/data_mem_reg[57][3]_0            |                5 |             32 |
|  Clk_30_out                                                   | RC5_ENC_uut/Control_Unit_uut/data_mem_reg[18][15][0]    | RC5_ENC_uut/Data_Mem_BD_uut/data_mem_reg[57][3]_0            |                7 |             32 |
|  Clk_30_out                                                   | RC5_ENC_uut/Control_Unit_uut/data_mem_reg[14][15][0]    | RC5_ENC_uut/Data_Mem_BD_uut/data_mem_reg[57][3]_0            |               14 |             32 |
|  Clk_30_out                                                   | RC5_ENC_uut/Control_Unit_uut/data_mem_reg[16][15][0]    | RC5_ENC_uut/Data_Mem_BD_uut/data_mem_reg[57][3]_0            |                5 |             32 |
|  Clk_30_out                                                   | RC5_ENC_uut/Control_Unit_uut/data_mem_reg[15][0][0]     | RC5_ENC_uut/Data_Mem_BD_uut/data_mem_reg[57][3]_0            |                7 |             32 |
|  Clk_30_out                                                   | RC5_ENC_uut/Control_Unit_uut/data_mem_reg[1][0][0]      | RC5_ENC_uut/Data_Mem_BD_uut/data_mem_reg[57][3]_0            |                7 |             32 |
|  Clk_30_out                                                   | RC5_ENC_uut/Control_Unit_uut/data_mem_reg[19][0][0]     | RC5_ENC_uut/Data_Mem_BD_uut/data_mem_reg[57][3]_0            |                6 |             32 |
|  Clk_30_out                                                   | RC5_ENC_uut/Control_Unit_uut/data_mem_reg[20][15][0]    | RC5_ENC_uut/Data_Mem_BD_uut/data_mem_reg[57][3]_0            |                5 |             32 |
|  Clk_30_out                                                   | RC5_ENC_uut/Control_Unit_uut/data_mem_reg[23][0][0]     | RC5_ENC_uut/Data_Mem_BD_uut/data_mem_reg[57][3]_0            |                6 |             32 |
|  Clk_30_out                                                   | RC5_ENC_uut/Control_Unit_uut/data_mem_reg[22][15][0]    | RC5_ENC_uut/Data_Mem_BD_uut/data_mem_reg[57][3]_0            |               10 |             32 |
|  Clk_30_out                                                   | RC5_ENC_uut/Control_Unit_uut/data_mem_reg[21][0][0]     | RC5_ENC_uut/Data_Mem_BD_uut/data_mem_reg[57][3]_0            |                5 |             32 |
|  Clk_30_out                                                   | RC5_ENC_uut/Control_Unit_uut/data_mem_reg[24][15][0]    | RC5_ENC_uut/Data_Mem_BD_uut/data_mem_reg[57][3]_0            |               13 |             32 |
|  Clk_30_out                                                   | RC5_ENC_uut/Control_Unit_uut/data_mem_reg[25][0][0]     | RC5_ENC_uut/Data_Mem_BD_uut/data_mem_reg[57][3]_0            |                6 |             32 |
|  Clk_30_out                                                   | RC5_ENC_uut/Control_Unit_uut/data_mem_reg[26][15][0]    | RC5_ENC_uut/Data_Mem_BD_uut/data_mem_reg[57][3]_0            |               13 |             32 |
|  Clk_30_out                                                   | RC5_ENC_uut/Control_Unit_uut/data_mem_reg[28][15][0]    | RC5_ENC_uut/Data_Mem_BD_uut/data_mem_reg[57][3]_0            |                6 |             32 |
|  Clk_30_out                                                   | RC5_ENC_uut/Control_Unit_uut/data_mem_reg[29][0][0]     | RC5_ENC_uut/Data_Mem_BD_uut/data_mem_reg[57][3]_0            |                5 |             32 |
|  Clk_30_out                                                   | RC5_ENC_uut/Control_Unit_uut/data_mem_reg[27][0][0]     | RC5_ENC_uut/Data_Mem_BD_uut/data_mem_reg[57][3]_0            |                8 |             32 |
|  Clk_30_out                                                   | RC5_ENC_uut/Control_Unit_uut/data_mem_reg[31][0][0]     | RC5_ENC_uut/Data_Mem_BD_uut/data_mem_reg[57][3]_0            |                7 |             32 |
|  Clk_30_out                                                   | RC5_ENC_uut/Control_Unit_uut/data_mem_reg[34][15][0]    | RC5_ENC_uut/Data_Mem_BD_uut/data_mem_reg[57][3]_0            |               10 |             32 |
|  Clk_30_out                                                   | RC5_ENC_uut/Control_Unit_uut/data_mem_reg[30][15][0]    | RC5_ENC_uut/Data_Mem_BD_uut/data_mem_reg[57][3]_0            |               15 |             32 |
|  Clk_30_out                                                   | RC5_ENC_uut/Control_Unit_uut/data_mem_reg[33][0][0]     | RC5_ENC_uut/Data_Mem_BD_uut/data_mem_reg[57][3]_0            |                6 |             32 |
|  Clk_30_out                                                   | RC5_ENC_uut/Control_Unit_uut/data_mem_reg[32][15][0]    | RC5_ENC_uut/Data_Mem_BD_uut/data_mem_reg[57][3]_0            |               10 |             32 |
|  Clk_30_out                                                   | RC5_ENC_uut/Control_Unit_uut/data_mem_reg[2][15][0]     | RC5_ENC_uut/Data_Mem_BD_uut/data_mem_reg[57][3]_0            |                4 |             32 |
|  Clk_30_out                                                   | RC5_ENC_uut/Control_Unit_uut/data_mem_reg[38][15][0]    | RC5_ENC_uut/Data_Mem_BD_uut/data_mem_reg[57][3]_0            |               12 |             32 |
|  Clk_30_out                                                   | RC5_ENC_uut/Control_Unit_uut/data_mem_reg[36][15][0]    | RC5_ENC_uut/Data_Mem_BD_uut/data_mem_reg[57][3]_0            |                7 |             32 |
|  Clk_30_out                                                   | RC5_ENC_uut/Control_Unit_uut/data_mem_reg[37][0][0]     | RC5_ENC_uut/Data_Mem_BD_uut/data_mem_reg[57][3]_0            |                8 |             32 |
|  Clk_30_out                                                   | RC5_ENC_uut/Control_Unit_uut/data_mem_reg[35][0][0]     | RC5_ENC_uut/Data_Mem_BD_uut/data_mem_reg[57][3]_0            |                9 |             32 |
|  Clk_30_out                                                   | RC5_ENC_uut/Control_Unit_uut/E[0]                       | RC5_ENC_uut/Data_Mem_BD_uut/data_mem_reg[57][3]_0            |               12 |             32 |
|  Clk_30_out                                                   | RC5_ENC_uut/Control_Unit_uut/data_mem_reg[39][0][0]     | RC5_ENC_uut/Data_Mem_BD_uut/data_mem_reg[57][3]_0            |                7 |             32 |
|  Clk_30_out                                                   | RC5_ENC_uut/Control_Unit_uut/data_mem_reg[3][0][0]      | RC5_ENC_uut/Data_Mem_BD_uut/data_mem_reg[57][3]_0            |                7 |             32 |
|  Clk_30_out                                                   | RC5_ENC_uut/Control_Unit_uut/data_mem_reg[40][15][0]    | RC5_ENC_uut/Data_Mem_BD_uut/data_mem_reg[57][3]_0            |               11 |             32 |
|  Clk_30_out                                                   | RC5_ENC_uut/Control_Unit_uut/data_mem_reg[41][0][0]     | RC5_ENC_uut/Data_Mem_BD_uut/data_mem_reg[57][3]_0            |                5 |             32 |
|  Clk_30_out                                                   | RC5_ENC_uut/Control_Unit_uut/data_mem_reg[43][0][0]     | RC5_ENC_uut/Data_Mem_BD_uut/data_mem_reg[57][3]_0            |                6 |             32 |
|  Clk_30_out                                                   | RC5_ENC_uut/Control_Unit_uut/data_mem_reg[42][15][0]    | RC5_ENC_uut/Data_Mem_BD_uut/data_mem_reg[57][3]_0            |                9 |             32 |
|  Clk_30_out                                                   | RC5_ENC_uut/Control_Unit_uut/data_mem_reg[45][0][0]     | RC5_ENC_uut/Data_Mem_BD_uut/data_mem_reg[57][3]_0            |                8 |             32 |
|  Clk_30_out                                                   | RC5_ENC_uut/Control_Unit_uut/data_mem_reg[44][15][0]    | RC5_ENC_uut/Data_Mem_BD_uut/data_mem_reg[57][3]_0            |                6 |             32 |
|  Clk_30_out                                                   | RC5_ENC_uut/Control_Unit_uut/data_mem_reg[47][0][0]     | RC5_ENC_uut/Data_Mem_BD_uut/data_mem_reg[57][3]_0            |                6 |             32 |
|  Clk_30_out                                                   | RC5_ENC_uut/Control_Unit_uut/data_mem_reg[46][15][0]    | RC5_ENC_uut/Data_Mem_BD_uut/data_mem_reg[57][3]_0            |               16 |             32 |
|  Clk_30_out                                                   | RC5_ENC_uut/Control_Unit_uut/data_mem_reg[49][0][0]     | RC5_ENC_uut/Data_Mem_BD_uut/data_mem_reg[57][3]_0            |                6 |             32 |
|  Clk_30_out                                                   | RC5_ENC_uut/Control_Unit_uut/data_mem_reg[48][15][0]    | RC5_ENC_uut/Data_Mem_BD_uut/data_mem_reg[57][3]_0            |                7 |             32 |
|  Clk_30_out                                                   | RC5_ENC_uut/Control_Unit_uut/data_mem_reg[51][0][0]     | RC5_ENC_uut/Data_Mem_BD_uut/data_mem_reg[57][3]_0            |                6 |             32 |
|  Clk_30_out                                                   | RC5_ENC_uut/Control_Unit_uut/data_mem_reg[4][15][0]     | RC5_ENC_uut/Data_Mem_BD_uut/data_mem_reg[57][3]_0            |                7 |             32 |
|  Clk_30_out                                                   | RC5_ENC_uut/Control_Unit_uut/data_mem_reg[50][15][0]    | RC5_ENC_uut/Data_Mem_BD_uut/data_mem_reg[57][3]_0            |               14 |             32 |
|  Clk_30_out                                                   | RC5_ENC_uut/Control_Unit_uut/data_mem_reg[56][15][0]    | RC5_ENC_uut/Data_Mem_BD_uut/data_mem_reg[57][3]_0            |               12 |             32 |
|  Clk_30_out                                                   | RC5_ENC_uut/Control_Unit_uut/data_mem_reg[57][0][0]     | RC5_ENC_uut/Data_Mem_BD_uut/data_mem_reg[57][3]_0            |                7 |             32 |
|  Clk_30_out                                                   | RC5_ENC_uut/Control_Unit_uut/data_mem_reg[58][15][0]    | RC5_ENC_uut/Data_Mem_BD_uut/data_mem_reg[57][3]_0            |               16 |             32 |
|  Clk_30_out                                                   | RC5_ENC_uut/Control_Unit_uut/data_mem_reg[59][0][0]     | RC5_ENC_uut/Data_Mem_BD_uut/data_mem_reg[57][3]_0            |               11 |             32 |
|  Clk_30_out                                                   | RC5_ENC_uut/Control_Unit_uut/data_mem_reg[5][0][0]      | RC5_ENC_uut/Data_Mem_BD_uut/data_mem_reg[57][3]_0            |                9 |             32 |
|  Clk_30_out                                                   | RC5_ENC_uut/Control_Unit_uut/data_mem_reg[60][15][0]    | RC5_ENC_uut/Data_Mem_BD_uut/data_mem_reg[57][3]_0            |                7 |             32 |
|  Clk_30_out                                                   | RC5_ENC_uut/Control_Unit_uut/data_mem_reg[62][15][0]    | RC5_ENC_uut/Data_Mem_BD_uut/data_mem_reg[57][3]_0            |               13 |             32 |
|  Clk_30_out                                                   | RC5_ENC_uut/Control_Unit_uut/data_mem_reg[61][0][0]     | RC5_ENC_uut/Data_Mem_BD_uut/data_mem_reg[57][3]_0            |                7 |             32 |
|  Clk_30_out                                                   | RC5_ENC_uut/Control_Unit_uut/data_mem_reg[63][0][0]     | RC5_ENC_uut/Data_Mem_BD_uut/data_mem_reg[57][3]_0            |                6 |             32 |
|  Clk_30_out                                                   | RC5_ENC_uut/Control_Unit_uut/data_mem_reg[0][15][0]     | RC5_ENC_uut/Data_Mem_BD_uut/data_mem_reg[57][3]_0            |                7 |             32 |
|  Clk_30_out                                                   | RC5_ENC_uut/Control_Unit_uut/data_mem_reg[100][15][0]   | RC5_ENC_uut/Data_Mem_BD_uut/data_mem_reg[57][3]_0            |               13 |             32 |
|  Clk_30_out                                                   | RC5_ENC_uut/Control_Unit_uut/data_mem_reg[102][15][0]   | RC5_ENC_uut/Data_Mem_BD_uut/data_mem_reg[57][3]_0            |               14 |             32 |
|  Clk_30_out                                                   | RC5_ENC_uut/Control_Unit_uut/data_mem_reg[104][15][0]   | RC5_ENC_uut/Data_Mem_BD_uut/data_mem_reg[57][3]_0            |                8 |             32 |
|  Clk_30_out                                                   | RC5_ENC_uut/Control_Unit_uut/data_mem_reg[103][0][0]    | RC5_ENC_uut/Data_Mem_BD_uut/data_mem_reg[57][3]_0            |               11 |             32 |
|  Clk_30_out                                                   | RC5_ENC_uut/Control_Unit_uut/data_mem_reg[101][0][0]    | RC5_ENC_uut/Data_Mem_BD_uut/data_mem_reg[57][3]_0            |               10 |             32 |
|  Clk_30_out                                                   | RC5_ENC_uut/Control_Unit_uut/data_mem_reg[107][0][0]    | RC5_ENC_uut/Data_Mem_BD_uut/data_mem_reg[57][3]_0            |               12 |             32 |
|  Clk_30_out                                                   | RC5_ENC_uut/Control_Unit_uut/data_mem_reg[108][15][0]   | RC5_ENC_uut/Data_Mem_BD_uut/data_mem_reg[57][3]_0            |                9 |             32 |
|  Clk_30_out                                                   | RC5_ENC_uut/Control_Unit_uut/data_mem_reg[68][15][0]    | RC5_ENC_uut/Data_Mem_BD_uut/data_mem_reg[57][3]_0            |                7 |             32 |
|  Clk_30_out                                                   | RC5_ENC_uut/Control_Unit_uut/data_mem_reg[65][0][0]     | RC5_ENC_uut/Data_Mem_BD_uut/data_mem_reg[57][3]_0            |               11 |             32 |
|  Clk_30_out                                                   | RC5_ENC_uut/Control_Unit_uut/data_mem_reg[64][15]_0[0]  | RC5_ENC_uut/Data_Mem_BD_uut/data_mem_reg[57][3]_0            |                8 |             32 |
|  Clk_30_out                                                   | RC5_ENC_uut/Control_Unit_uut/data_mem_reg[67][0][0]     | RC5_ENC_uut/Data_Mem_BD_uut/data_mem_reg[57][3]_0            |                8 |             32 |
|  Clk_30_out                                                   | RC5_ENC_uut/Control_Unit_uut/data_mem_reg[66][15][0]    | RC5_ENC_uut/Data_Mem_BD_uut/data_mem_reg[57][3]_0            |               16 |             32 |
|  Clk_30_out                                                   | RC5_ENC_uut/Control_Unit_uut/data_mem_reg[69][0][0]     | RC5_ENC_uut/Data_Mem_BD_uut/data_mem_reg[57][3]_0            |                8 |             32 |
|  Clk_30_out                                                   | RC5_ENC_uut/Control_Unit_uut/data_mem_reg[70][15][0]    | RC5_ENC_uut/Data_Mem_BD_uut/data_mem_reg[57][3]_0            |               12 |             32 |
|  Clk_30_out                                                   | RC5_ENC_uut/Control_Unit_uut/data_mem_reg[71][0][0]     | RC5_ENC_uut/Data_Mem_BD_uut/data_mem_reg[57][3]_0            |               10 |             32 |
|  Clk_30_out                                                   | RC5_ENC_uut/Control_Unit_uut/data_mem_reg[6][15][0]     | RC5_ENC_uut/Data_Mem_BD_uut/data_mem_reg[57][3]_0            |               11 |             32 |
|  Clk_30_out                                                   | RC5_ENC_uut/Control_Unit_uut/data_mem_reg[73][0][0]     | RC5_ENC_uut/Data_Mem_BD_uut/data_mem_reg[57][3]_0            |                8 |             32 |
|  Clk_30_out                                                   | RC5_ENC_uut/Control_Unit_uut/data_mem_reg[74][15][0]    | RC5_ENC_uut/Data_Mem_BD_uut/data_mem_reg[57][3]_0            |               14 |             32 |
|  Clk_30_out                                                   | RC5_ENC_uut/Control_Unit_uut/data_mem_reg[75][0][0]     | RC5_ENC_uut/Data_Mem_BD_uut/data_mem_reg[57][3]_0            |                7 |             32 |
|  Clk_30_out                                                   | RC5_ENC_uut/Control_Unit_uut/data_mem_reg[72][15][0]    | RC5_ENC_uut/Data_Mem_BD_uut/data_mem_reg[57][3]_0            |                8 |             32 |
|  Clk_30_out                                                   | RC5_ENC_uut/Control_Unit_uut/data_mem_reg[7][0][0]      | RC5_ENC_uut/Data_Mem_BD_uut/data_mem_reg[57][3]_0            |                6 |             32 |
|  Clk_30_out                                                   | RC5_ENC_uut/Control_Unit_uut/data_mem_reg[77][0][0]     | RC5_ENC_uut/Data_Mem_BD_uut/data_mem_reg[57][3]_0            |                8 |             32 |
|  Clk_30_out                                                   | RC5_ENC_uut/Control_Unit_uut/data_mem_reg[76][15][0]    | RC5_ENC_uut/Data_Mem_BD_uut/data_mem_reg[57][3]_0            |                8 |             32 |
|  Clk_30_out                                                   | RC5_ENC_uut/Control_Unit_uut/data_mem_reg[79][0][0]     | RC5_ENC_uut/Data_Mem_BD_uut/data_mem_reg[57][3]_0            |                7 |             32 |
|  Clk_30_out                                                   | RC5_ENC_uut/Control_Unit_uut/data_mem_reg[78][15][0]    | RC5_ENC_uut/Data_Mem_BD_uut/data_mem_reg[57][3]_0            |               12 |             32 |
|  Clk_30_out                                                   | RC5_ENC_uut/Control_Unit_uut/data_mem_reg[81][0][0]     | RC5_ENC_uut/Data_Mem_BD_uut/data_mem_reg[57][3]_0            |                8 |             32 |
|  Clk_30_out                                                   | RC5_ENC_uut/Control_Unit_uut/data_mem_reg[82][15][0]    | RC5_ENC_uut/Data_Mem_BD_uut/data_mem_reg[57][3]_0            |               11 |             32 |
|  Clk_30_out                                                   | RC5_ENC_uut/Control_Unit_uut/data_mem_reg[80][15][0]    | RC5_ENC_uut/Data_Mem_BD_uut/data_mem_reg[57][3]_0            |                7 |             32 |
|  Clk_30_out                                                   | RC5_ENC_uut/Control_Unit_uut/data_mem_reg[83][0][0]     | RC5_ENC_uut/Data_Mem_BD_uut/data_mem_reg[57][3]_0            |                9 |             32 |
|  Clk_30_out                                                   | RC5_ENC_uut/Control_Unit_uut/data_mem_reg[85][0][0]     | RC5_ENC_uut/Data_Mem_BD_uut/data_mem_reg[57][3]_0            |                8 |             32 |
|  Clk_30_out                                                   | RC5_ENC_uut/Control_Unit_uut/data_mem_reg[86][15][0]    | RC5_ENC_uut/Data_Mem_BD_uut/data_mem_reg[57][3]_0            |               14 |             32 |
|  Clk_30_out                                                   | RC5_ENC_uut/Control_Unit_uut/data_mem_reg[84][15][0]    | RC5_ENC_uut/Data_Mem_BD_uut/data_mem_reg[57][3]_0            |                7 |             32 |
|  Clk_30_out                                                   | RC5_ENC_uut/Control_Unit_uut/data_mem_reg[87][0][0]     | RC5_ENC_uut/Data_Mem_BD_uut/data_mem_reg[57][3]_0            |               10 |             32 |
|  Clk_30_out                                                   | RC5_ENC_uut/Control_Unit_uut/data_mem_reg[88][15][0]    | RC5_ENC_uut/Data_Mem_BD_uut/data_mem_reg[57][3]_0            |                9 |             32 |
|  Clk_30_out                                                   | RC5_ENC_uut/Control_Unit_uut/data_mem_reg[89][0][0]     | RC5_ENC_uut/Data_Mem_BD_uut/data_mem_reg[57][3]_0            |                9 |             32 |
|  Clk_30_out                                                   | RC5_ENC_uut/Control_Unit_uut/data_mem_reg[8][15][0]     | RC5_ENC_uut/Data_Mem_BD_uut/data_mem_reg[57][3]_0            |               12 |             32 |
|  Clk_30_out                                                   | RC5_ENC_uut/Control_Unit_uut/data_mem_reg[94][15][0]    | RC5_ENC_uut/Data_Mem_BD_uut/data_mem_reg[57][3]_0            |               15 |             32 |
|  Clk_30_out                                                   | RC5_ENC_uut/Control_Unit_uut/data_mem_reg[95][0][0]     | RC5_ENC_uut/Data_Mem_BD_uut/data_mem_reg[57][3]_0            |                9 |             32 |
|  Clk_30_out                                                   | RC5_ENC_uut/Control_Unit_uut/data_mem_reg[91][0][0]     | RC5_ENC_uut/Data_Mem_BD_uut/data_mem_reg[57][3]_0            |                9 |             32 |
|  Clk_30_out                                                   | RC5_ENC_uut/Control_Unit_uut/data_mem_reg[92][15][0]    | RC5_ENC_uut/Data_Mem_BD_uut/data_mem_reg[57][3]_0            |                8 |             32 |
|  Clk_30_out                                                   | RC5_ENC_uut/Control_Unit_uut/data_mem_reg[93][0][0]     | RC5_ENC_uut/Data_Mem_BD_uut/data_mem_reg[57][3]_0            |                9 |             32 |
|  Clk_30_out                                                   | RC5_ENC_uut/Control_Unit_uut/data_mem_reg[90][15][0]    | RC5_ENC_uut/Data_Mem_BD_uut/data_mem_reg[57][3]_0            |               11 |             32 |
|  Clk_30_out                                                   | RC5_ENC_uut/Control_Unit_uut/data_mem_reg[97][0][0]     | RC5_ENC_uut/Data_Mem_BD_uut/data_mem_reg[57][3]_0            |               11 |             32 |
|  Clk_30_out                                                   | RC5_ENC_uut/Control_Unit_uut/data_mem_reg[9][0][0]      | RC5_ENC_uut/Data_Mem_BD_uut/data_mem_reg[57][3]_0            |                5 |             32 |
|  Clk_30_out                                                   | RC5_ENC_uut/Control_Unit_uut/data_mem_reg[98][15][0]    | RC5_ENC_uut/Data_Mem_BD_uut/data_mem_reg[57][3]_0            |               16 |             32 |
|  Clk_30_out                                                   | RC5_ENC_uut/Control_Unit_uut/data_mem_reg[96][15][0]    | RC5_ENC_uut/Data_Mem_BD_uut/data_mem_reg[57][3]_0            |               10 |             32 |
|  Clk_30_out                                                   | RC5_ENC_uut/Control_Unit_uut/data_mem_reg[99][0][0]     | RC5_ENC_uut/Data_Mem_BD_uut/data_mem_reg[57][3]_0            |               10 |             32 |
|  Clk_30_out                                                   | RC5_ENC_uut/Control_Unit_uut/data_mem_reg[106][15][0]   | RC5_ENC_uut/Data_Mem_BD_uut/data_mem_reg[57][3]_0            |               13 |             32 |
|  Sysclk_IBUF_BUFG                                             |                                                         |                                                              |                8 |             46 |
|  RC5_ENC_uut/Flipflop_uut/O[27]_i_2_n_1                       |                                                         | RC5_ENC_uut/Data_Mem_BD_uut/data_mem_reg[57][3]_0            |               10 |             54 |
|  Clk_21_out                                                   | RC5_ENC_uut/Flipflop_uut/reg_reg[11][31][0]             | RC5_ENC_uut/Data_Mem_BD_uut/data_mem_reg[57][3]_0            |               14 |             64 |
|  Clk_21_out                                                   | RC5_ENC_uut/Flipflop_uut/reg_reg[15][31]_2[0]           | RC5_ENC_uut/Data_Mem_BD_uut/data_mem_reg[57][3]_0            |               12 |             64 |
|  Clk_21_out                                                   | RC5_ENC_uut/Flipflop_uut/reg_reg[8][31][0]              | RC5_ENC_uut/Data_Mem_BD_uut/data_mem_reg[57][3]_0            |               11 |             64 |
|  Clk_21_out                                                   | RC5_ENC_uut/Flipflop_uut/reg_reg[7][31][0]              | RC5_ENC_uut/Data_Mem_BD_uut/data_mem_reg[57][3]_0            |               14 |             64 |
|  Clk_21_out                                                   | RC5_ENC_uut/Flipflop_uut/reg_reg[2][31][0]              | RC5_ENC_uut/Data_Mem_BD_uut/data_mem_reg[57][3]_0            |                9 |             64 |
|  Clk_21_out                                                   | RC5_ENC_uut/Flipflop_uut/reg_reg[12][31][0]             | RC5_ENC_uut/Data_Mem_BD_uut/data_mem_reg[57][3]_0            |               17 |             64 |
|  Clk_21_out                                                   | RC5_ENC_uut/Flipflop_uut/reg_reg[13][31][0]             | RC5_ENC_uut/Data_Mem_BD_uut/data_mem_reg[57][3]_0            |               12 |             64 |
|  Clk_21_out                                                   | RC5_ENC_uut/Flipflop_uut/reg_reg[0][31][0]              | RC5_ENC_uut/Data_Mem_BD_uut/data_mem_reg[57][3]_0            |               10 |             64 |
|  Clk_21_out                                                   | RC5_ENC_uut/Flipflop_uut/reg_reg[9][31][0]              | RC5_ENC_uut/Data_Mem_BD_uut/data_mem_reg[57][3]_0            |               14 |             64 |
|  Clk_21_out                                                   | RC5_ENC_uut/Flipflop_uut/reg_reg[6][31][0]              | RC5_ENC_uut/Data_Mem_BD_uut/data_mem_reg[57][3]_0            |               14 |             64 |
|  Clk_21_out                                                   | RC5_ENC_uut/Flipflop_uut/reg_reg[4][31][0]              | RC5_ENC_uut/Data_Mem_BD_uut/data_mem_reg[57][3]_0            |                9 |             64 |
|  Clk_21_out                                                   | RC5_ENC_uut/Flipflop_uut/reg_reg[3][31][0]              | RC5_ENC_uut/Data_Mem_BD_uut/data_mem_reg[57][3]_0            |               12 |             64 |
|  Clk_21_out                                                   | RC5_ENC_uut/Flipflop_uut/reg_reg[1][31][0]              | RC5_ENC_uut/Data_Mem_BD_uut/data_mem_reg[57][3]_0            |               15 |             64 |
|  Clk_21_out                                                   | RC5_ENC_uut/Flipflop_uut/reg_reg[10][31][0]             | RC5_ENC_uut/Data_Mem_BD_uut/data_mem_reg[57][3]_0            |               12 |             64 |
|  Clk_21_out                                                   | RC5_ENC_uut/Flipflop_uut/reg_reg[14][31][0]             | RC5_ENC_uut/Data_Mem_BD_uut/data_mem_reg[57][3]_0            |               12 |             64 |
|  Clk_21_out                                                   | RC5_ENC_uut/Flipflop_uut/E[0]                           | RC5_ENC_uut/Data_Mem_BD_uut/data_mem_reg[57][3]_0            |               11 |             64 |
|  Sysclk_IBUF_BUFG                                             | BackDoor_in[63]_i_1_n_1                                 |                                                              |                8 |             64 |
|  Sysclk_IBUF_BUFG                                             | BackDoor_in[31]_i_1_n_1                                 |                                                              |                9 |             64 |
|  n_0_5270_BUFG                                                |                                                         |                                                              |               14 |             64 |
|  Clk_21_out                                                   |                                                         | RC5_ENC_uut/Data_Mem_BD_uut/data_mem_reg[57][3]_0            |               64 |            128 |
+---------------------------------------------------------------+---------------------------------------------------------+--------------------------------------------------------------+------------------+----------------+


