Copyright 1986-2018 Xilinx, Inc. All Rights Reserved.
------------------------------------------------------------------------------------------------------------------------------
| Tool Version : Vivado v.2018.2 (win64) Build 2258646 Thu Jun 14 20:03:12 MDT 2018
| Date         : Mon Nov 26 00:53:55 2018
| Host         : DESKTOP-65OAGH3 running 64-bit major release  (build 9200)
| Command      : report_drc -file RC5_ENC_FPGA_drc_routed.rpt -pb RC5_ENC_FPGA_drc_routed.pb -rpx RC5_ENC_FPGA_drc_routed.rpx
| Design       : RC5_ENC_FPGA
| Device       : xc7a100tcsg324-1
| Speed File   : -1
| Design State : Routed
------------------------------------------------------------------------------------------------------------------------------

Report DRC

Table of Contents
-----------------
1. REPORT SUMMARY
2. REPORT DETAILS

1. REPORT SUMMARY
-----------------
            Netlist: netlist
          Floorplan: design_1
      Design limits: <entire design considered>
           Ruledeck: default
             Max violations: <unlimited>
             Violations found: 70
+-------------+----------+-------------------------------------------------------------+------------+
| Rule        | Severity | Description                                                 | Violations |
+-------------+----------+-------------------------------------------------------------+------------+
| CFGBVS-1    | Warning  | Missing CFGBVS and CONFIG_VOLTAGE Design Properties         | 1          |
| PDRC-153    | Warning  | Gated clock check                                           | 67         |
| PLHOLDVIO-2 | Warning  | Non-Optimal connections which could lead to hold violations | 2          |
+-------------+----------+-------------------------------------------------------------+------------+

2. REPORT DETAILS
-----------------
CFGBVS-1#1 Warning
Missing CFGBVS and CONFIG_VOLTAGE Design Properties  
Neither the CFGBVS nor CONFIG_VOLTAGE voltage property is set in the current_design.  Configuration bank voltage select (CFGBVS) must be set to VCCO or GND, and CONFIG_VOLTAGE must be set to the correct configuration voltage, in order to determine the I/O voltage support for the pins in bank 0.  It is suggested to specify these either using the 'Edit Device Properties' function in the GUI or directly in the XDC file using the following syntax:

 set_property CFGBVS value1 [current_design]
 #where value1 is either VCCO or GND

 set_property CONFIG_VOLTAGE value2 [current_design]
 #where value2 is the voltage provided to configuration bank 0

Refer to the device configuration user guide for more information.
Related violations: <none>

PDRC-153#1 Warning
Gated clock check  
Net RC5_ENC_uut/Data_Mem_BD_uut/data_mem_reg[52][0]_LDC_i_1_n_1 is a gated clock net sourced by a combinational pin RC5_ENC_uut/Data_Mem_BD_uut/data_mem_reg[52][0]_LDC_i_1/O, cell RC5_ENC_uut/Data_Mem_BD_uut/data_mem_reg[52][0]_LDC_i_1. This is not good design practice and will likely impact performance. For SLICE registers, for example, use the CE pin to control the loading of data.
Related violations: <none>

PDRC-153#2 Warning
Gated clock check  
Net RC5_ENC_uut/Data_Mem_BD_uut/data_mem_reg[52][10]_LDC_i_1_n_1 is a gated clock net sourced by a combinational pin RC5_ENC_uut/Data_Mem_BD_uut/data_mem_reg[52][10]_LDC_i_1/O, cell RC5_ENC_uut/Data_Mem_BD_uut/data_mem_reg[52][10]_LDC_i_1. This is not good design practice and will likely impact performance. For SLICE registers, for example, use the CE pin to control the loading of data.
Related violations: <none>

PDRC-153#3 Warning
Gated clock check  
Net RC5_ENC_uut/Data_Mem_BD_uut/data_mem_reg[52][11]_LDC_i_1_n_1 is a gated clock net sourced by a combinational pin RC5_ENC_uut/Data_Mem_BD_uut/data_mem_reg[52][11]_LDC_i_1/O, cell RC5_ENC_uut/Data_Mem_BD_uut/data_mem_reg[52][11]_LDC_i_1. This is not good design practice and will likely impact performance. For SLICE registers, for example, use the CE pin to control the loading of data.
Related violations: <none>

PDRC-153#4 Warning
Gated clock check  
Net RC5_ENC_uut/Data_Mem_BD_uut/data_mem_reg[52][12]_LDC_i_1_n_1 is a gated clock net sourced by a combinational pin RC5_ENC_uut/Data_Mem_BD_uut/data_mem_reg[52][12]_LDC_i_1/O, cell RC5_ENC_uut/Data_Mem_BD_uut/data_mem_reg[52][12]_LDC_i_1. This is not good design practice and will likely impact performance. For SLICE registers, for example, use the CE pin to control the loading of data.
Related violations: <none>

PDRC-153#5 Warning
Gated clock check  
Net RC5_ENC_uut/Data_Mem_BD_uut/data_mem_reg[52][13]_LDC_i_1_n_1 is a gated clock net sourced by a combinational pin RC5_ENC_uut/Data_Mem_BD_uut/data_mem_reg[52][13]_LDC_i_1/O, cell RC5_ENC_uut/Data_Mem_BD_uut/data_mem_reg[52][13]_LDC_i_1. This is not good design practice and will likely impact performance. For SLICE registers, for example, use the CE pin to control the loading of data.
Related violations: <none>

PDRC-153#6 Warning
Gated clock check  
Net RC5_ENC_uut/Data_Mem_BD_uut/data_mem_reg[52][14]_LDC_i_1_n_1 is a gated clock net sourced by a combinational pin RC5_ENC_uut/Data_Mem_BD_uut/data_mem_reg[52][14]_LDC_i_1/O, cell RC5_ENC_uut/Data_Mem_BD_uut/data_mem_reg[52][14]_LDC_i_1. This is not good design practice and will likely impact performance. For SLICE registers, for example, use the CE pin to control the loading of data.
Related violations: <none>

PDRC-153#7 Warning
Gated clock check  
Net RC5_ENC_uut/Data_Mem_BD_uut/data_mem_reg[52][15]_LDC_i_1_n_1 is a gated clock net sourced by a combinational pin RC5_ENC_uut/Data_Mem_BD_uut/data_mem_reg[52][15]_LDC_i_1/O, cell RC5_ENC_uut/Data_Mem_BD_uut/data_mem_reg[52][15]_LDC_i_1. This is not good design practice and will likely impact performance. For SLICE registers, for example, use the CE pin to control the loading of data.
Related violations: <none>

PDRC-153#8 Warning
Gated clock check  
Net RC5_ENC_uut/Data_Mem_BD_uut/data_mem_reg[52][1]_LDC_i_1_n_1 is a gated clock net sourced by a combinational pin RC5_ENC_uut/Data_Mem_BD_uut/data_mem_reg[52][1]_LDC_i_1/O, cell RC5_ENC_uut/Data_Mem_BD_uut/data_mem_reg[52][1]_LDC_i_1. This is not good design practice and will likely impact performance. For SLICE registers, for example, use the CE pin to control the loading of data.
Related violations: <none>

PDRC-153#9 Warning
Gated clock check  
Net RC5_ENC_uut/Data_Mem_BD_uut/data_mem_reg[52][2]_LDC_i_1_n_1 is a gated clock net sourced by a combinational pin RC5_ENC_uut/Data_Mem_BD_uut/data_mem_reg[52][2]_LDC_i_1/O, cell RC5_ENC_uut/Data_Mem_BD_uut/data_mem_reg[52][2]_LDC_i_1. This is not good design practice and will likely impact performance. For SLICE registers, for example, use the CE pin to control the loading of data.
Related violations: <none>

PDRC-153#10 Warning
Gated clock check  
Net RC5_ENC_uut/Data_Mem_BD_uut/data_mem_reg[52][3]_LDC_i_1_n_1 is a gated clock net sourced by a combinational pin RC5_ENC_uut/Data_Mem_BD_uut/data_mem_reg[52][3]_LDC_i_1/O, cell RC5_ENC_uut/Data_Mem_BD_uut/data_mem_reg[52][3]_LDC_i_1. This is not good design practice and will likely impact performance. For SLICE registers, for example, use the CE pin to control the loading of data.
Related violations: <none>

PDRC-153#11 Warning
Gated clock check  
Net RC5_ENC_uut/Data_Mem_BD_uut/data_mem_reg[52][4]_LDC_i_1_n_1 is a gated clock net sourced by a combinational pin RC5_ENC_uut/Data_Mem_BD_uut/data_mem_reg[52][4]_LDC_i_1/O, cell RC5_ENC_uut/Data_Mem_BD_uut/data_mem_reg[52][4]_LDC_i_1. This is not good design practice and will likely impact performance. For SLICE registers, for example, use the CE pin to control the loading of data.
Related violations: <none>

PDRC-153#12 Warning
Gated clock check  
Net RC5_ENC_uut/Data_Mem_BD_uut/data_mem_reg[52][5]_LDC_i_1_n_1 is a gated clock net sourced by a combinational pin RC5_ENC_uut/Data_Mem_BD_uut/data_mem_reg[52][5]_LDC_i_1/O, cell RC5_ENC_uut/Data_Mem_BD_uut/data_mem_reg[52][5]_LDC_i_1. This is not good design practice and will likely impact performance. For SLICE registers, for example, use the CE pin to control the loading of data.
Related violations: <none>

PDRC-153#13 Warning
Gated clock check  
Net RC5_ENC_uut/Data_Mem_BD_uut/data_mem_reg[52][6]_LDC_i_1_n_1 is a gated clock net sourced by a combinational pin RC5_ENC_uut/Data_Mem_BD_uut/data_mem_reg[52][6]_LDC_i_1/O, cell RC5_ENC_uut/Data_Mem_BD_uut/data_mem_reg[52][6]_LDC_i_1. This is not good design practice and will likely impact performance. For SLICE registers, for example, use the CE pin to control the loading of data.
Related violations: <none>

PDRC-153#14 Warning
Gated clock check  
Net RC5_ENC_uut/Data_Mem_BD_uut/data_mem_reg[52][7]_LDC_i_1_n_1 is a gated clock net sourced by a combinational pin RC5_ENC_uut/Data_Mem_BD_uut/data_mem_reg[52][7]_LDC_i_1/O, cell RC5_ENC_uut/Data_Mem_BD_uut/data_mem_reg[52][7]_LDC_i_1. This is not good design practice and will likely impact performance. For SLICE registers, for example, use the CE pin to control the loading of data.
Related violations: <none>

PDRC-153#15 Warning
Gated clock check  
Net RC5_ENC_uut/Data_Mem_BD_uut/data_mem_reg[52][8]_LDC_i_1_n_1 is a gated clock net sourced by a combinational pin RC5_ENC_uut/Data_Mem_BD_uut/data_mem_reg[52][8]_LDC_i_1/O, cell RC5_ENC_uut/Data_Mem_BD_uut/data_mem_reg[52][8]_LDC_i_1. This is not good design practice and will likely impact performance. For SLICE registers, for example, use the CE pin to control the loading of data.
Related violations: <none>

PDRC-153#16 Warning
Gated clock check  
Net RC5_ENC_uut/Data_Mem_BD_uut/data_mem_reg[52][9]_LDC_i_1_n_1 is a gated clock net sourced by a combinational pin RC5_ENC_uut/Data_Mem_BD_uut/data_mem_reg[52][9]_LDC_i_1/O, cell RC5_ENC_uut/Data_Mem_BD_uut/data_mem_reg[52][9]_LDC_i_1. This is not good design practice and will likely impact performance. For SLICE registers, for example, use the CE pin to control the loading of data.
Related violations: <none>

PDRC-153#17 Warning
Gated clock check  
Net RC5_ENC_uut/Data_Mem_BD_uut/data_mem_reg[53][0]_LDC_i_1_n_1 is a gated clock net sourced by a combinational pin RC5_ENC_uut/Data_Mem_BD_uut/data_mem_reg[53][0]_LDC_i_1/O, cell RC5_ENC_uut/Data_Mem_BD_uut/data_mem_reg[53][0]_LDC_i_1. This is not good design practice and will likely impact performance. For SLICE registers, for example, use the CE pin to control the loading of data.
Related violations: <none>

PDRC-153#18 Warning
Gated clock check  
Net RC5_ENC_uut/Data_Mem_BD_uut/data_mem_reg[53][10]_LDC_i_1_n_1 is a gated clock net sourced by a combinational pin RC5_ENC_uut/Data_Mem_BD_uut/data_mem_reg[53][10]_LDC_i_1/O, cell RC5_ENC_uut/Data_Mem_BD_uut/data_mem_reg[53][10]_LDC_i_1. This is not good design practice and will likely impact performance. For SLICE registers, for example, use the CE pin to control the loading of data.
Related violations: <none>

PDRC-153#19 Warning
Gated clock check  
Net RC5_ENC_uut/Data_Mem_BD_uut/data_mem_reg[53][11]_LDC_i_1_n_1 is a gated clock net sourced by a combinational pin RC5_ENC_uut/Data_Mem_BD_uut/data_mem_reg[53][11]_LDC_i_1/O, cell RC5_ENC_uut/Data_Mem_BD_uut/data_mem_reg[53][11]_LDC_i_1. This is not good design practice and will likely impact performance. For SLICE registers, for example, use the CE pin to control the loading of data.
Related violations: <none>

PDRC-153#20 Warning
Gated clock check  
Net RC5_ENC_uut/Data_Mem_BD_uut/data_mem_reg[53][12]_LDC_i_1_n_1 is a gated clock net sourced by a combinational pin RC5_ENC_uut/Data_Mem_BD_uut/data_mem_reg[53][12]_LDC_i_1/O, cell RC5_ENC_uut/Data_Mem_BD_uut/data_mem_reg[53][12]_LDC_i_1. This is not good design practice and will likely impact performance. For SLICE registers, for example, use the CE pin to control the loading of data.
Related violations: <none>

PDRC-153#21 Warning
Gated clock check  
Net RC5_ENC_uut/Data_Mem_BD_uut/data_mem_reg[53][13]_LDC_i_1_n_1 is a gated clock net sourced by a combinational pin RC5_ENC_uut/Data_Mem_BD_uut/data_mem_reg[53][13]_LDC_i_1/O, cell RC5_ENC_uut/Data_Mem_BD_uut/data_mem_reg[53][13]_LDC_i_1. This is not good design practice and will likely impact performance. For SLICE registers, for example, use the CE pin to control the loading of data.
Related violations: <none>

PDRC-153#22 Warning
Gated clock check  
Net RC5_ENC_uut/Data_Mem_BD_uut/data_mem_reg[53][14]_LDC_i_1_n_1 is a gated clock net sourced by a combinational pin RC5_ENC_uut/Data_Mem_BD_uut/data_mem_reg[53][14]_LDC_i_1/O, cell RC5_ENC_uut/Data_Mem_BD_uut/data_mem_reg[53][14]_LDC_i_1. This is not good design practice and will likely impact performance. For SLICE registers, for example, use the CE pin to control the loading of data.
Related violations: <none>

PDRC-153#23 Warning
Gated clock check  
Net RC5_ENC_uut/Data_Mem_BD_uut/data_mem_reg[53][15]_LDC_i_1_n_1 is a gated clock net sourced by a combinational pin RC5_ENC_uut/Data_Mem_BD_uut/data_mem_reg[53][15]_LDC_i_1/O, cell RC5_ENC_uut/Data_Mem_BD_uut/data_mem_reg[53][15]_LDC_i_1. This is not good design practice and will likely impact performance. For SLICE registers, for example, use the CE pin to control the loading of data.
Related violations: <none>

PDRC-153#24 Warning
Gated clock check  
Net RC5_ENC_uut/Data_Mem_BD_uut/data_mem_reg[53][1]_LDC_i_1_n_1 is a gated clock net sourced by a combinational pin RC5_ENC_uut/Data_Mem_BD_uut/data_mem_reg[53][1]_LDC_i_1/O, cell RC5_ENC_uut/Data_Mem_BD_uut/data_mem_reg[53][1]_LDC_i_1. This is not good design practice and will likely impact performance. For SLICE registers, for example, use the CE pin to control the loading of data.
Related violations: <none>

PDRC-153#25 Warning
Gated clock check  
Net RC5_ENC_uut/Data_Mem_BD_uut/data_mem_reg[53][2]_LDC_i_1_n_1 is a gated clock net sourced by a combinational pin RC5_ENC_uut/Data_Mem_BD_uut/data_mem_reg[53][2]_LDC_i_1/O, cell RC5_ENC_uut/Data_Mem_BD_uut/data_mem_reg[53][2]_LDC_i_1. This is not good design practice and will likely impact performance. For SLICE registers, for example, use the CE pin to control the loading of data.
Related violations: <none>

PDRC-153#26 Warning
Gated clock check  
Net RC5_ENC_uut/Data_Mem_BD_uut/data_mem_reg[53][3]_LDC_i_1_n_1 is a gated clock net sourced by a combinational pin RC5_ENC_uut/Data_Mem_BD_uut/data_mem_reg[53][3]_LDC_i_1/O, cell RC5_ENC_uut/Data_Mem_BD_uut/data_mem_reg[53][3]_LDC_i_1. This is not good design practice and will likely impact performance. For SLICE registers, for example, use the CE pin to control the loading of data.
Related violations: <none>

PDRC-153#27 Warning
Gated clock check  
Net RC5_ENC_uut/Data_Mem_BD_uut/data_mem_reg[53][4]_LDC_i_1_n_1 is a gated clock net sourced by a combinational pin RC5_ENC_uut/Data_Mem_BD_uut/data_mem_reg[53][4]_LDC_i_1/O, cell RC5_ENC_uut/Data_Mem_BD_uut/data_mem_reg[53][4]_LDC_i_1. This is not good design practice and will likely impact performance. For SLICE registers, for example, use the CE pin to control the loading of data.
Related violations: <none>

PDRC-153#28 Warning
Gated clock check  
Net RC5_ENC_uut/Data_Mem_BD_uut/data_mem_reg[53][5]_LDC_i_1_n_1 is a gated clock net sourced by a combinational pin RC5_ENC_uut/Data_Mem_BD_uut/data_mem_reg[53][5]_LDC_i_1/O, cell RC5_ENC_uut/Data_Mem_BD_uut/data_mem_reg[53][5]_LDC_i_1. This is not good design practice and will likely impact performance. For SLICE registers, for example, use the CE pin to control the loading of data.
Related violations: <none>

PDRC-153#29 Warning
Gated clock check  
Net RC5_ENC_uut/Data_Mem_BD_uut/data_mem_reg[53][6]_LDC_i_1_n_1 is a gated clock net sourced by a combinational pin RC5_ENC_uut/Data_Mem_BD_uut/data_mem_reg[53][6]_LDC_i_1/O, cell RC5_ENC_uut/Data_Mem_BD_uut/data_mem_reg[53][6]_LDC_i_1. This is not good design practice and will likely impact performance. For SLICE registers, for example, use the CE pin to control the loading of data.
Related violations: <none>

PDRC-153#30 Warning
Gated clock check  
Net RC5_ENC_uut/Data_Mem_BD_uut/data_mem_reg[53][7]_LDC_i_1_n_1 is a gated clock net sourced by a combinational pin RC5_ENC_uut/Data_Mem_BD_uut/data_mem_reg[53][7]_LDC_i_1/O, cell RC5_ENC_uut/Data_Mem_BD_uut/data_mem_reg[53][7]_LDC_i_1. This is not good design practice and will likely impact performance. For SLICE registers, for example, use the CE pin to control the loading of data.
Related violations: <none>

PDRC-153#31 Warning
Gated clock check  
Net RC5_ENC_uut/Data_Mem_BD_uut/data_mem_reg[53][8]_LDC_i_1_n_1 is a gated clock net sourced by a combinational pin RC5_ENC_uut/Data_Mem_BD_uut/data_mem_reg[53][8]_LDC_i_1/O, cell RC5_ENC_uut/Data_Mem_BD_uut/data_mem_reg[53][8]_LDC_i_1. This is not good design practice and will likely impact performance. For SLICE registers, for example, use the CE pin to control the loading of data.
Related violations: <none>

PDRC-153#32 Warning
Gated clock check  
Net RC5_ENC_uut/Data_Mem_BD_uut/data_mem_reg[53][9]_LDC_i_1_n_1 is a gated clock net sourced by a combinational pin RC5_ENC_uut/Data_Mem_BD_uut/data_mem_reg[53][9]_LDC_i_1/O, cell RC5_ENC_uut/Data_Mem_BD_uut/data_mem_reg[53][9]_LDC_i_1. This is not good design practice and will likely impact performance. For SLICE registers, for example, use the CE pin to control the loading of data.
Related violations: <none>

PDRC-153#33 Warning
Gated clock check  
Net RC5_ENC_uut/Data_Mem_BD_uut/data_mem_reg[54][0]_LDC_i_1_n_1 is a gated clock net sourced by a combinational pin RC5_ENC_uut/Data_Mem_BD_uut/data_mem_reg[54][0]_LDC_i_1/O, cell RC5_ENC_uut/Data_Mem_BD_uut/data_mem_reg[54][0]_LDC_i_1. This is not good design practice and will likely impact performance. For SLICE registers, for example, use the CE pin to control the loading of data.
Related violations: <none>

PDRC-153#34 Warning
Gated clock check  
Net RC5_ENC_uut/Data_Mem_BD_uut/data_mem_reg[54][10]_LDC_i_1_n_1 is a gated clock net sourced by a combinational pin RC5_ENC_uut/Data_Mem_BD_uut/data_mem_reg[54][10]_LDC_i_1/O, cell RC5_ENC_uut/Data_Mem_BD_uut/data_mem_reg[54][10]_LDC_i_1. This is not good design practice and will likely impact performance. For SLICE registers, for example, use the CE pin to control the loading of data.
Related violations: <none>

PDRC-153#35 Warning
Gated clock check  
Net RC5_ENC_uut/Data_Mem_BD_uut/data_mem_reg[54][11]_LDC_i_1_n_1 is a gated clock net sourced by a combinational pin RC5_ENC_uut/Data_Mem_BD_uut/data_mem_reg[54][11]_LDC_i_1/O, cell RC5_ENC_uut/Data_Mem_BD_uut/data_mem_reg[54][11]_LDC_i_1. This is not good design practice and will likely impact performance. For SLICE registers, for example, use the CE pin to control the loading of data.
Related violations: <none>

PDRC-153#36 Warning
Gated clock check  
Net RC5_ENC_uut/Data_Mem_BD_uut/data_mem_reg[54][12]_LDC_i_1_n_1 is a gated clock net sourced by a combinational pin RC5_ENC_uut/Data_Mem_BD_uut/data_mem_reg[54][12]_LDC_i_1/O, cell RC5_ENC_uut/Data_Mem_BD_uut/data_mem_reg[54][12]_LDC_i_1. This is not good design practice and will likely impact performance. For SLICE registers, for example, use the CE pin to control the loading of data.
Related violations: <none>

PDRC-153#37 Warning
Gated clock check  
Net RC5_ENC_uut/Data_Mem_BD_uut/data_mem_reg[54][13]_LDC_i_1_n_1 is a gated clock net sourced by a combinational pin RC5_ENC_uut/Data_Mem_BD_uut/data_mem_reg[54][13]_LDC_i_1/O, cell RC5_ENC_uut/Data_Mem_BD_uut/data_mem_reg[54][13]_LDC_i_1. This is not good design practice and will likely impact performance. For SLICE registers, for example, use the CE pin to control the loading of data.
Related violations: <none>

PDRC-153#38 Warning
Gated clock check  
Net RC5_ENC_uut/Data_Mem_BD_uut/data_mem_reg[54][14]_LDC_i_1_n_1 is a gated clock net sourced by a combinational pin RC5_ENC_uut/Data_Mem_BD_uut/data_mem_reg[54][14]_LDC_i_1/O, cell RC5_ENC_uut/Data_Mem_BD_uut/data_mem_reg[54][14]_LDC_i_1. This is not good design practice and will likely impact performance. For SLICE registers, for example, use the CE pin to control the loading of data.
Related violations: <none>

PDRC-153#39 Warning
Gated clock check  
Net RC5_ENC_uut/Data_Mem_BD_uut/data_mem_reg[54][15]_LDC_i_1_n_1 is a gated clock net sourced by a combinational pin RC5_ENC_uut/Data_Mem_BD_uut/data_mem_reg[54][15]_LDC_i_1/O, cell RC5_ENC_uut/Data_Mem_BD_uut/data_mem_reg[54][15]_LDC_i_1. This is not good design practice and will likely impact performance. For SLICE registers, for example, use the CE pin to control the loading of data.
Related violations: <none>

PDRC-153#40 Warning
Gated clock check  
Net RC5_ENC_uut/Data_Mem_BD_uut/data_mem_reg[54][1]_LDC_i_1_n_1 is a gated clock net sourced by a combinational pin RC5_ENC_uut/Data_Mem_BD_uut/data_mem_reg[54][1]_LDC_i_1/O, cell RC5_ENC_uut/Data_Mem_BD_uut/data_mem_reg[54][1]_LDC_i_1. This is not good design practice and will likely impact performance. For SLICE registers, for example, use the CE pin to control the loading of data.
Related violations: <none>

PDRC-153#41 Warning
Gated clock check  
Net RC5_ENC_uut/Data_Mem_BD_uut/data_mem_reg[54][2]_LDC_i_1_n_1 is a gated clock net sourced by a combinational pin RC5_ENC_uut/Data_Mem_BD_uut/data_mem_reg[54][2]_LDC_i_1/O, cell RC5_ENC_uut/Data_Mem_BD_uut/data_mem_reg[54][2]_LDC_i_1. This is not good design practice and will likely impact performance. For SLICE registers, for example, use the CE pin to control the loading of data.
Related violations: <none>

PDRC-153#42 Warning
Gated clock check  
Net RC5_ENC_uut/Data_Mem_BD_uut/data_mem_reg[54][3]_LDC_i_1_n_1 is a gated clock net sourced by a combinational pin RC5_ENC_uut/Data_Mem_BD_uut/data_mem_reg[54][3]_LDC_i_1/O, cell RC5_ENC_uut/Data_Mem_BD_uut/data_mem_reg[54][3]_LDC_i_1. This is not good design practice and will likely impact performance. For SLICE registers, for example, use the CE pin to control the loading of data.
Related violations: <none>

PDRC-153#43 Warning
Gated clock check  
Net RC5_ENC_uut/Data_Mem_BD_uut/data_mem_reg[54][4]_LDC_i_1_n_1 is a gated clock net sourced by a combinational pin RC5_ENC_uut/Data_Mem_BD_uut/data_mem_reg[54][4]_LDC_i_1/O, cell RC5_ENC_uut/Data_Mem_BD_uut/data_mem_reg[54][4]_LDC_i_1. This is not good design practice and will likely impact performance. For SLICE registers, for example, use the CE pin to control the loading of data.
Related violations: <none>

PDRC-153#44 Warning
Gated clock check  
Net RC5_ENC_uut/Data_Mem_BD_uut/data_mem_reg[54][5]_LDC_i_1_n_1 is a gated clock net sourced by a combinational pin RC5_ENC_uut/Data_Mem_BD_uut/data_mem_reg[54][5]_LDC_i_1/O, cell RC5_ENC_uut/Data_Mem_BD_uut/data_mem_reg[54][5]_LDC_i_1. This is not good design practice and will likely impact performance. For SLICE registers, for example, use the CE pin to control the loading of data.
Related violations: <none>

PDRC-153#45 Warning
Gated clock check  
Net RC5_ENC_uut/Data_Mem_BD_uut/data_mem_reg[54][6]_LDC_i_1_n_1 is a gated clock net sourced by a combinational pin RC5_ENC_uut/Data_Mem_BD_uut/data_mem_reg[54][6]_LDC_i_1/O, cell RC5_ENC_uut/Data_Mem_BD_uut/data_mem_reg[54][6]_LDC_i_1. This is not good design practice and will likely impact performance. For SLICE registers, for example, use the CE pin to control the loading of data.
Related violations: <none>

PDRC-153#46 Warning
Gated clock check  
Net RC5_ENC_uut/Data_Mem_BD_uut/data_mem_reg[54][7]_LDC_i_1_n_1 is a gated clock net sourced by a combinational pin RC5_ENC_uut/Data_Mem_BD_uut/data_mem_reg[54][7]_LDC_i_1/O, cell RC5_ENC_uut/Data_Mem_BD_uut/data_mem_reg[54][7]_LDC_i_1. This is not good design practice and will likely impact performance. For SLICE registers, for example, use the CE pin to control the loading of data.
Related violations: <none>

PDRC-153#47 Warning
Gated clock check  
Net RC5_ENC_uut/Data_Mem_BD_uut/data_mem_reg[54][8]_LDC_i_1_n_1 is a gated clock net sourced by a combinational pin RC5_ENC_uut/Data_Mem_BD_uut/data_mem_reg[54][8]_LDC_i_1/O, cell RC5_ENC_uut/Data_Mem_BD_uut/data_mem_reg[54][8]_LDC_i_1. This is not good design practice and will likely impact performance. For SLICE registers, for example, use the CE pin to control the loading of data.
Related violations: <none>

PDRC-153#48 Warning
Gated clock check  
Net RC5_ENC_uut/Data_Mem_BD_uut/data_mem_reg[54][9]_LDC_i_1_n_1 is a gated clock net sourced by a combinational pin RC5_ENC_uut/Data_Mem_BD_uut/data_mem_reg[54][9]_LDC_i_1/O, cell RC5_ENC_uut/Data_Mem_BD_uut/data_mem_reg[54][9]_LDC_i_1. This is not good design practice and will likely impact performance. For SLICE registers, for example, use the CE pin to control the loading of data.
Related violations: <none>

PDRC-153#49 Warning
Gated clock check  
Net RC5_ENC_uut/Data_Mem_BD_uut/data_mem_reg[55][0]_LDC_i_1_n_1 is a gated clock net sourced by a combinational pin RC5_ENC_uut/Data_Mem_BD_uut/data_mem_reg[55][0]_LDC_i_1/O, cell RC5_ENC_uut/Data_Mem_BD_uut/data_mem_reg[55][0]_LDC_i_1. This is not good design practice and will likely impact performance. For SLICE registers, for example, use the CE pin to control the loading of data.
Related violations: <none>

PDRC-153#50 Warning
Gated clock check  
Net RC5_ENC_uut/Data_Mem_BD_uut/data_mem_reg[55][10]_LDC_i_1_n_1 is a gated clock net sourced by a combinational pin RC5_ENC_uut/Data_Mem_BD_uut/data_mem_reg[55][10]_LDC_i_1/O, cell RC5_ENC_uut/Data_Mem_BD_uut/data_mem_reg[55][10]_LDC_i_1. This is not good design practice and will likely impact performance. For SLICE registers, for example, use the CE pin to control the loading of data.
Related violations: <none>

PDRC-153#51 Warning
Gated clock check  
Net RC5_ENC_uut/Data_Mem_BD_uut/data_mem_reg[55][11]_LDC_i_1_n_1 is a gated clock net sourced by a combinational pin RC5_ENC_uut/Data_Mem_BD_uut/data_mem_reg[55][11]_LDC_i_1/O, cell RC5_ENC_uut/Data_Mem_BD_uut/data_mem_reg[55][11]_LDC_i_1. This is not good design practice and will likely impact performance. For SLICE registers, for example, use the CE pin to control the loading of data.
Related violations: <none>

PDRC-153#52 Warning
Gated clock check  
Net RC5_ENC_uut/Data_Mem_BD_uut/data_mem_reg[55][12]_LDC_i_1_n_1 is a gated clock net sourced by a combinational pin RC5_ENC_uut/Data_Mem_BD_uut/data_mem_reg[55][12]_LDC_i_1/O, cell RC5_ENC_uut/Data_Mem_BD_uut/data_mem_reg[55][12]_LDC_i_1. This is not good design practice and will likely impact performance. For SLICE registers, for example, use the CE pin to control the loading of data.
Related violations: <none>

PDRC-153#53 Warning
Gated clock check  
Net RC5_ENC_uut/Data_Mem_BD_uut/data_mem_reg[55][13]_LDC_i_1_n_1 is a gated clock net sourced by a combinational pin RC5_ENC_uut/Data_Mem_BD_uut/data_mem_reg[55][13]_LDC_i_1/O, cell RC5_ENC_uut/Data_Mem_BD_uut/data_mem_reg[55][13]_LDC_i_1. This is not good design practice and will likely impact performance. For SLICE registers, for example, use the CE pin to control the loading of data.
Related violations: <none>

PDRC-153#54 Warning
Gated clock check  
Net RC5_ENC_uut/Data_Mem_BD_uut/data_mem_reg[55][14]_LDC_i_1_n_1 is a gated clock net sourced by a combinational pin RC5_ENC_uut/Data_Mem_BD_uut/data_mem_reg[55][14]_LDC_i_1/O, cell RC5_ENC_uut/Data_Mem_BD_uut/data_mem_reg[55][14]_LDC_i_1. This is not good design practice and will likely impact performance. For SLICE registers, for example, use the CE pin to control the loading of data.
Related violations: <none>

PDRC-153#55 Warning
Gated clock check  
Net RC5_ENC_uut/Data_Mem_BD_uut/data_mem_reg[55][15]_LDC_i_1_n_1 is a gated clock net sourced by a combinational pin RC5_ENC_uut/Data_Mem_BD_uut/data_mem_reg[55][15]_LDC_i_1/O, cell RC5_ENC_uut/Data_Mem_BD_uut/data_mem_reg[55][15]_LDC_i_1. This is not good design practice and will likely impact performance. For SLICE registers, for example, use the CE pin to control the loading of data.
Related violations: <none>

PDRC-153#56 Warning
Gated clock check  
Net RC5_ENC_uut/Data_Mem_BD_uut/data_mem_reg[55][1]_LDC_i_1_n_1 is a gated clock net sourced by a combinational pin RC5_ENC_uut/Data_Mem_BD_uut/data_mem_reg[55][1]_LDC_i_1/O, cell RC5_ENC_uut/Data_Mem_BD_uut/data_mem_reg[55][1]_LDC_i_1. This is not good design practice and will likely impact performance. For SLICE registers, for example, use the CE pin to control the loading of data.
Related violations: <none>

PDRC-153#57 Warning
Gated clock check  
Net RC5_ENC_uut/Data_Mem_BD_uut/data_mem_reg[55][2]_LDC_i_1_n_1 is a gated clock net sourced by a combinational pin RC5_ENC_uut/Data_Mem_BD_uut/data_mem_reg[55][2]_LDC_i_1/O, cell RC5_ENC_uut/Data_Mem_BD_uut/data_mem_reg[55][2]_LDC_i_1. This is not good design practice and will likely impact performance. For SLICE registers, for example, use the CE pin to control the loading of data.
Related violations: <none>

PDRC-153#58 Warning
Gated clock check  
Net RC5_ENC_uut/Data_Mem_BD_uut/data_mem_reg[55][3]_LDC_i_1_n_1 is a gated clock net sourced by a combinational pin RC5_ENC_uut/Data_Mem_BD_uut/data_mem_reg[55][3]_LDC_i_1/O, cell RC5_ENC_uut/Data_Mem_BD_uut/data_mem_reg[55][3]_LDC_i_1. This is not good design practice and will likely impact performance. For SLICE registers, for example, use the CE pin to control the loading of data.
Related violations: <none>

PDRC-153#59 Warning
Gated clock check  
Net RC5_ENC_uut/Data_Mem_BD_uut/data_mem_reg[55][4]_LDC_i_1_n_1 is a gated clock net sourced by a combinational pin RC5_ENC_uut/Data_Mem_BD_uut/data_mem_reg[55][4]_LDC_i_1/O, cell RC5_ENC_uut/Data_Mem_BD_uut/data_mem_reg[55][4]_LDC_i_1. This is not good design practice and will likely impact performance. For SLICE registers, for example, use the CE pin to control the loading of data.
Related violations: <none>

PDRC-153#60 Warning
Gated clock check  
Net RC5_ENC_uut/Data_Mem_BD_uut/data_mem_reg[55][5]_LDC_i_1_n_1 is a gated clock net sourced by a combinational pin RC5_ENC_uut/Data_Mem_BD_uut/data_mem_reg[55][5]_LDC_i_1/O, cell RC5_ENC_uut/Data_Mem_BD_uut/data_mem_reg[55][5]_LDC_i_1. This is not good design practice and will likely impact performance. For SLICE registers, for example, use the CE pin to control the loading of data.
Related violations: <none>

PDRC-153#61 Warning
Gated clock check  
Net RC5_ENC_uut/Data_Mem_BD_uut/data_mem_reg[55][6]_LDC_i_1_n_1 is a gated clock net sourced by a combinational pin RC5_ENC_uut/Data_Mem_BD_uut/data_mem_reg[55][6]_LDC_i_1/O, cell RC5_ENC_uut/Data_Mem_BD_uut/data_mem_reg[55][6]_LDC_i_1. This is not good design practice and will likely impact performance. For SLICE registers, for example, use the CE pin to control the loading of data.
Related violations: <none>

PDRC-153#62 Warning
Gated clock check  
Net RC5_ENC_uut/Data_Mem_BD_uut/data_mem_reg[55][7]_LDC_i_1_n_1 is a gated clock net sourced by a combinational pin RC5_ENC_uut/Data_Mem_BD_uut/data_mem_reg[55][7]_LDC_i_1/O, cell RC5_ENC_uut/Data_Mem_BD_uut/data_mem_reg[55][7]_LDC_i_1. This is not good design practice and will likely impact performance. For SLICE registers, for example, use the CE pin to control the loading of data.
Related violations: <none>

PDRC-153#63 Warning
Gated clock check  
Net RC5_ENC_uut/Data_Mem_BD_uut/data_mem_reg[55][8]_LDC_i_1_n_1 is a gated clock net sourced by a combinational pin RC5_ENC_uut/Data_Mem_BD_uut/data_mem_reg[55][8]_LDC_i_1/O, cell RC5_ENC_uut/Data_Mem_BD_uut/data_mem_reg[55][8]_LDC_i_1. This is not good design practice and will likely impact performance. For SLICE registers, for example, use the CE pin to control the loading of data.
Related violations: <none>

PDRC-153#64 Warning
Gated clock check  
Net RC5_ENC_uut/Data_Mem_BD_uut/data_mem_reg[55][9]_LDC_i_1_n_1 is a gated clock net sourced by a combinational pin RC5_ENC_uut/Data_Mem_BD_uut/data_mem_reg[55][9]_LDC_i_1/O, cell RC5_ENC_uut/Data_Mem_BD_uut/data_mem_reg[55][9]_LDC_i_1. This is not good design practice and will likely impact performance. For SLICE registers, for example, use the CE pin to control the loading of data.
Related violations: <none>

PDRC-153#65 Warning
Gated clock check  
Net RC5_ENC_uut/FSM_onehot_state[4]_i_3_n_1 is a gated clock net sourced by a combinational pin RC5_ENC_uut/FSM_onehot_state[4]_i_3/O, cell RC5_ENC_uut/FSM_onehot_state[4]_i_3. This is not good design practice and will likely impact performance. For SLICE registers, for example, use the CE pin to control the loading of data.
Related violations: <none>

PDRC-153#66 Warning
Gated clock check  
Net RC5_ENC_uut/Flipflop_uut/O[27]_i_2_n_1 is a gated clock net sourced by a combinational pin RC5_ENC_uut/Flipflop_uut/O[27]_i_2/O, cell RC5_ENC_uut/Flipflop_uut/O[27]_i_2. This is not good design practice and will likely impact performance. For SLICE registers, for example, use the CE pin to control the loading of data.
Related violations: <none>

PDRC-153#67 Warning
Gated clock check  
Net RC5_ENC_uut/Flipflop_uut/reg_reg[15][11]_2[0] is a gated clock net sourced by a combinational pin RC5_ENC_uut/Flipflop_uut/ALUControl_reg[3]_i_2/O, cell RC5_ENC_uut/Flipflop_uut/ALUControl_reg[3]_i_2. This is not good design practice and will likely impact performance. For SLICE registers, for example, use the CE pin to control the loading of data.
Related violations: <none>

PLHOLDVIO-2#1 Warning
Non-Optimal connections which could lead to hold violations  
A LUT RC5_ENC_uut/FSM_onehot_state[4]_i_3 is driving clock pin of 7 cells. This could lead to large hold time violations. First few involved cells are:
    RC5_ENC_uut/FSM_onehot_state_reg[0] {FDPE}
    RC5_ENC_uut/FSM_onehot_state_reg[1] {FDCE}
    RC5_ENC_uut/FSM_onehot_state_reg[2] {FDCE}
    RC5_ENC_uut/FSM_onehot_state_reg[3] {FDCE}
    RC5_ENC_uut/FSM_onehot_state_reg[4] {FDCE}
    RC5_ENC_uut/FSM_onehot_state_reg[4]_lopt_replica {FDCE}
    RC5_ENC_uut/RegWrite_delay_reg {FDCE}

Related violations: <none>

PLHOLDVIO-2#2 Warning
Non-Optimal connections which could lead to hold violations  
A LUT RC5_ENC_uut/Flipflop_uut/O[27]_i_2 is driving clock pin of 31 cells. This could lead to large hold time violations. First few involved cells are:
    RC5_ENC_uut/Flipflop_uut/O_reg[10] {FDCE}
    RC5_ENC_uut/Flipflop_uut/O_reg[11] {FDCE}
    RC5_ENC_uut/Flipflop_uut/O_reg[12] {FDCE}
    RC5_ENC_uut/Flipflop_uut/O_reg[13] {FDCE}
    RC5_ENC_uut/Flipflop_uut/O_reg[14] {FDCE}
    RC5_ENC_uut/Flipflop_uut/O_reg[15] {FDCE}
    RC5_ENC_uut/Flipflop_uut/O_reg[16] {FDCE}
    RC5_ENC_uut/Flipflop_uut/O_reg[17] {FDCE}
    RC5_ENC_uut/Flipflop_uut/O_reg[18] {FDCE}

Related violations: <none>


