
*** Running vivado
    with args -log MIPS.vds -m64 -product Vivado -mode batch -messageDb vivado.pb -notrace -source MIPS.tcl


****** Vivado v2018.2 (64-bit)
  **** SW Build 2258646 on Thu Jun 14 20:03:12 MDT 2018
  **** IP Build 2256618 on Thu Jun 14 22:10:49 MDT 2018
    ** Copyright 1986-2018 Xilinx, Inc. All Rights Reserved.

source MIPS.tcl -notrace
Command: synth_design -top MIPS -part xc7a100tcsg324-1
Starting synth_design
Attempting to get a license for feature 'Synthesis' and/or device 'xc7a100t'
INFO: [Common 17-349] Got license for feature 'Synthesis' and/or device 'xc7a100t'
INFO: Launching helper process for spawning children vivado processes
INFO: Helper process launched with PID 21272 
---------------------------------------------------------------------------------
Starting Synthesize : Time (s): cpu = 00:00:04 ; elapsed = 00:00:05 . Memory (MB): peak = 357.543 ; gain = 99.367
---------------------------------------------------------------------------------
INFO: [Synth 8-638] synthesizing module 'MIPS' [C:/Users/shenc/OneDrive - nyu.edu/6463_AHD/proj/src/MIPS.vhd:15]
INFO: [Synth 8-3491] module 'Mux' declared at 'C:/Users/shenc/OneDrive - nyu.edu/6463_AHD/proj/src/mux.vhd:5' bound to instance 'Mux1' of component 'Mux' [C:/Users/shenc/OneDrive - nyu.edu/6463_AHD/proj/src/MIPS.vhd:142]
INFO: [Synth 8-638] synthesizing module 'Mux' [C:/Users/shenc/OneDrive - nyu.edu/6463_AHD/proj/src/mux.vhd:14]
INFO: [Synth 8-256] done synthesizing module 'Mux' (1#1) [C:/Users/shenc/OneDrive - nyu.edu/6463_AHD/proj/src/mux.vhd:14]
INFO: [Synth 8-3491] module 'Flipflop' declared at 'C:/Users/shenc/OneDrive - nyu.edu/6463_AHD/proj/src/flipflop.vhd:5' bound to instance 'Flipflop1' of component 'Flipflop' [C:/Users/shenc/OneDrive - nyu.edu/6463_AHD/proj/src/MIPS.vhd:149]
INFO: [Synth 8-638] synthesizing module 'Flipflop' [C:/Users/shenc/OneDrive - nyu.edu/6463_AHD/proj/src/flipflop.vhd:13]
INFO: [Synth 8-256] done synthesizing module 'Flipflop' (2#1) [C:/Users/shenc/OneDrive - nyu.edu/6463_AHD/proj/src/flipflop.vhd:13]
ERROR: [Synth 8-547] port direction mismatch for port 'O' [C:/Users/shenc/OneDrive - nyu.edu/6463_AHD/proj/src/MIPS.vhd:149]
ERROR: [Synth 8-285] failed synthesizing module 'MIPS' [C:/Users/shenc/OneDrive - nyu.edu/6463_AHD/proj/src/MIPS.vhd:15]
---------------------------------------------------------------------------------
Finished Synthesize : Time (s): cpu = 00:00:05 ; elapsed = 00:00:08 . Memory (MB): peak = 412.207 ; gain = 154.031
---------------------------------------------------------------------------------
synthesize failed
INFO: [Common 17-83] Releasing license: Synthesis
9 Infos, 0 Warnings, 0 Critical Warnings and 3 Errors encountered.
synth_design failed
ERROR: [Common 17-69] Command failed: Vivado Synthesis failed
INFO: [Common 17-206] Exiting Vivado at Wed Nov 14 17:50:01 2018...
