Vivado Simulator 2018.2
Copyright 1986-1999, 2001-2018 Xilinx, Inc. All Rights Reserved.
Running: C:/Xilinx/Vivado/2018.2/bin/unwrapped/win64.o/xelab.exe -wto 6840c07e8f094769891709173c4869df --incr --debug typical --relax --mt 2 --maxdelay -L xil_defaultlib -L simprims_ver -L secureip --snapshot up_counter_5236_time_impl -transport_int_delays -pulse_r 0 -pulse_int_r 0 -pulse_e 0 -pulse_int_e 0 xil_defaultlib.up_counter_5236 xil_defaultlib.glbl -log elaborate.log 
Using 2 slave threads.
Starting static elaboration
Completed static elaboration
Starting simulation data flow analysis
Completed simulation data flow analysis
INFO: [XSIM 43-3451] SDF backannotation process started with SDF file "up_counter_5236_time_impl.sdf", for root module "up_counter_5236".
INFO: [XSIM 43-3452] SDF backannotation was successful for SDF file "up_counter_5236_time_impl.sdf", for root module "up_counter_5236".
Time Resolution for simulation is 1ps
Compiling module simprims_ver.x_lut1_mux2
Compiling module simprims_ver.LUT1
Compiling module simprims_ver.x_lut3_mux8
Compiling module simprims_ver.LUT3
Compiling module simprims_ver.LUT4
Compiling module simprims_ver.LUT5
Compiling module simprims_ver.FDCE_default
Compiling module simprims_ver.CARRY4
Compiling module simprims_ver.LUT6
Compiling module simprims_ver.OBUF
Compiling module simprims_ver.x_lut2_mux4
Compiling module simprims_ver.LUT2
Compiling module simprims_ver.FDPE_default
Compiling module simprims_ver.IBUF
Compiling module simprims_ver.FDRE_default
Compiling module simprims_ver.BUFG
Compiling module xil_defaultlib.up_counter_5236
Compiling module xil_defaultlib.glbl
Built simulation snapshot up_counter_5236_time_impl
