INFO: [VRFC 10-2263] Analyzing Verilog file "C:/Users/UnFound/OneDrive - nyu.edu/6463_AHD/LAB7/RC5/RC5.sim/sim_1/impl/timing/xsim/rc5_tb_time_impl.v" into library xil_defaultlib
INFO: [VRFC 10-311] analyzing module Hex2LED
INFO: [VRFC 10-311] analyzing module RC5
INFO: [VRFC 10-311] analyzing module key_exp
INFO: [VRFC 10-311] analyzing module left_rotate
INFO: [VRFC 10-311] analyzing module rc5_dec
INFO: [VRFC 10-311] analyzing module rc5_enc
INFO: [VRFC 10-311] analyzing module rc5_fpga
INFO: [VRFC 10-311] analyzing module glbl
INFO: [VRFC 10-163] Analyzing VHDL file "C:/Users/UnFound/OneDrive - nyu.edu/6463_AHD/LAB7/left_rotate.vhd" into library xil_defaultlib
INFO: [VRFC 10-307] analyzing entity left_rotate
INFO: [VRFC 10-163] Analyzing VHDL file "C:/Users/UnFound/OneDrive - nyu.edu/6463_AHD/LAB7/rc5_pkg.vhd" into library xil_defaultlib
INFO: [VRFC 10-163] Analyzing VHDL file "C:/Users/UnFound/OneDrive - nyu.edu/6463_AHD/LAB7/rc5.vhd" into library xil_defaultlib
INFO: [VRFC 10-307] analyzing entity RC5
INFO: [VRFC 10-163] Analyzing VHDL file "C:/Users/UnFound/OneDrive - nyu.edu/6463_AHD/LAB7/rc5_dec.vhd" into library xil_defaultlib
INFO: [VRFC 10-307] analyzing entity rc5_dec
INFO: [VRFC 10-163] Analyzing VHDL file "C:/Users/UnFound/OneDrive - nyu.edu/6463_AHD/LAB7/rc5_enc.vhd" into library xil_defaultlib
INFO: [VRFC 10-307] analyzing entity rc5_enc
INFO: [VRFC 10-163] Analyzing VHDL file "C:/Users/UnFound/OneDrive - nyu.edu/6463_AHD/LAB7/rc5_key.vhd" into library xil_defaultlib
INFO: [VRFC 10-307] analyzing entity key_exp
INFO: [VRFC 10-163] Analyzing VHDL file "C:/Users/UnFound/OneDrive - nyu.edu/6463_AHD/LAB7/right_rotate.vhd" into library xil_defaultlib
INFO: [VRFC 10-307] analyzing entity right_rotate
INFO: [VRFC 10-163] Analyzing VHDL file "C:/Users/UnFound/OneDrive - nyu.edu/6463_AHD/LAB7/rc5_tb.vhd" into library xil_defaultlib
INFO: [VRFC 10-307] analyzing entity rc5_tb
