Vivado Simulator 2018.2
Copyright 1986-1999, 2001-2018 Xilinx, Inc. All Rights Reserved.
Running: D:/Xilinx/Vivado/2018.2/bin/unwrapped/win64.o/xelab.exe -wto d381dcdbfd6a4a69a0f9549ed366123d --incr --debug typical --relax --mt 2 -L xil_defaultlib -L secureip --snapshot RC5_ENC_tb_behav xil_defaultlib.RC5_ENC_tb -log elaborate.log 
Using 2 slave threads.
Starting static elaboration
Completed static elaboration
Starting simulation data flow analysis
Completed simulation data flow analysis
Time Resolution for simulation is 1ps
Compiling package std.standard
Compiling package std.textio
Compiling package ieee.std_logic_1164
Compiling package ieee.numeric_std
Compiling package xil_defaultlib.header
Compiling package ieee.std_logic_arith
Compiling package ieee.std_logic_unsigned
Compiling architecture behavioral of entity xil_defaultlib.Mux [mux_default]
Compiling architecture behavioral of entity xil_defaultlib.Flipflop [flipflop_default]
Compiling architecture behavioral of entity xil_defaultlib.Instruction_Mem [instruction_mem_default]
Compiling architecture behavioral of entity xil_defaultlib.Adder [adder_default]
Compiling architecture behavioral of entity xil_defaultlib.Control_Unit [control_unit_default]
Compiling architecture behavioral of entity xil_defaultlib.Reg_File [reg_file_default]
Compiling architecture behavioral of entity xil_defaultlib.Sign_Extend [sign_extend_default]
Compiling architecture behavioral of entity xil_defaultlib.Left_Shift_1 [left_shift_1_default]
Compiling architecture behavioral of entity xil_defaultlib.ALU [alu_default]
Compiling architecture behavioral of entity xil_defaultlib.Data_Mem_BD [data_mem_bd_default]
Compiling architecture behavioral of entity xil_defaultlib.RC5_ENC [rc5_enc_default]
Compiling architecture behavioral of entity xil_defaultlib.rc5_enc_tb
Built simulation snapshot RC5_ENC_tb_behav
