Vivado Simulator 2018.2
Copyright 1986-1999, 2001-2018 Xilinx, Inc. All Rights Reserved.
Running: C:/Xilinx/Vivado/2018.2/bin/unwrapped/win64.o/xelab.exe -wto b1daf660d200481eb8b2c459e6081f75 --incr --debug typical --relax --mt 2 --maxdelay -L xil_defaultlib -L simprims_ver -L secureip --snapshot down_counter_5236_tb_time_impl -transport_int_delays -pulse_r 0 -pulse_int_r 0 -pulse_e 0 -pulse_int_e 0 xil_defaultlib.down_counter_5236_tb xil_defaultlib.glbl -log elaborate.log 
Using 2 slave threads.
Starting static elaboration
Completed static elaboration
Starting simulation data flow analysis
Completed simulation data flow analysis
INFO: [XSIM 43-3451] SDF backannotation process started with SDF file "down_counter_5236_tb_time_impl.sdf", for root module "down_counter_5236_tb/UUT".
INFO: [XSIM 43-3452] SDF backannotation was successful for SDF file "down_counter_5236_tb_time_impl.sdf", for root module "down_counter_5236_tb/UUT".
Time Resolution for simulation is 1ps
Compiling package std.standard
Compiling package std.textio
Compiling package ieee.std_logic_1164
Compiling package ieee.std_logic_arith
Compiling package ieee.std_logic_unsigned
Compiling package vl.vl_types
Compiling module xil_defaultlib.glbl
Compiling module simprims_ver.x_lut1_mux2
Compiling module simprims_ver.LUT1
Compiling module simprims_ver.x_lut3_mux8
Compiling module simprims_ver.LUT3
Compiling module simprims_ver.LUT4
Compiling module simprims_ver.LUT5
Compiling module simprims_ver.FDCE_default
Compiling module simprims_ver.CARRY4
Compiling module simprims_ver.LUT6
Compiling module simprims_ver.OBUF
Compiling module simprims_ver.FDPE_default
Compiling module simprims_ver.IBUF
Compiling module simprims_ver.FDRE_default
Compiling module simprims_ver.x_lut2_mux4
Compiling module simprims_ver.LUT2
Compiling module simprims_ver.BUFG
Compiling module xil_defaultlib.down_counter_5236
Compiling architecture tb of entity xil_defaultlib.down_counter_5236_tb
Built simulation snapshot down_counter_5236_tb_time_impl
