INFO: [VRFC 10-163] Analyzing VHDL file "C:/Users/UnFound/OneDrive - nyu.edu/6463_AHD/LAB7/RC5/RC5.sim/sim_1/impl/func/xsim/rc5_tb_func_impl.vhd" into library xil_defaultlib
INFO: [VRFC 10-307] analyzing entity Hex2LED
INFO: [VRFC 10-307] analyzing entity left_rotate
INFO: [VRFC 10-307] analyzing entity rc5_dec
INFO: [VRFC 10-307] analyzing entity rc5_enc
INFO: [VRFC 10-307] analyzing entity key_exp
INFO: [VRFC 10-307] analyzing entity RC5
INFO: [VRFC 10-307] analyzing entity rc5_fpga
INFO: [VRFC 10-163] Analyzing VHDL file "C:/Users/UnFound/OneDrive - nyu.edu/6463_AHD/LAB7/left_rotate.vhd" into library xil_defaultlib
INFO: [VRFC 10-307] analyzing entity left_rotate
WARNING: [VRFC 10-1193] overwriting existing primary unit left_rotate [C:/Users/UnFound/OneDrive - nyu.edu/6463_AHD/LAB7/left_rotate.vhd:4]
INFO: [VRFC 10-163] Analyzing VHDL file "C:/Users/UnFound/OneDrive - nyu.edu/6463_AHD/LAB7/rc5_pkg.vhd" into library xil_defaultlib
INFO: [VRFC 10-163] Analyzing VHDL file "C:/Users/UnFound/OneDrive - nyu.edu/6463_AHD/LAB7/rc5.vhd" into library xil_defaultlib
INFO: [VRFC 10-307] analyzing entity RC5
WARNING: [VRFC 10-1193] overwriting existing primary unit rc5 [C:/Users/UnFound/OneDrive - nyu.edu/6463_AHD/LAB7/rc5.vhd:7]
INFO: [VRFC 10-163] Analyzing VHDL file "C:/Users/UnFound/OneDrive - nyu.edu/6463_AHD/LAB7/rc5_dec.vhd" into library xil_defaultlib
INFO: [VRFC 10-307] analyzing entity rc5_dec
WARNING: [VRFC 10-1193] overwriting existing primary unit rc5_dec [C:/Users/UnFound/OneDrive - nyu.edu/6463_AHD/LAB7/rc5_dec.vhd:7]
INFO: [VRFC 10-163] Analyzing VHDL file "C:/Users/UnFound/OneDrive - nyu.edu/6463_AHD/LAB7/rc5_enc.vhd" into library xil_defaultlib
INFO: [VRFC 10-307] analyzing entity rc5_enc
WARNING: [VRFC 10-1193] overwriting existing primary unit rc5_enc [C:/Users/UnFound/OneDrive - nyu.edu/6463_AHD/LAB7/rc5_enc.vhd:7]
INFO: [VRFC 10-163] Analyzing VHDL file "C:/Users/UnFound/OneDrive - nyu.edu/6463_AHD/LAB7/rc5_key.vhd" into library xil_defaultlib
INFO: [VRFC 10-307] analyzing entity key_exp
WARNING: [VRFC 10-1193] overwriting existing primary unit key_exp [C:/Users/UnFound/OneDrive - nyu.edu/6463_AHD/LAB7/rc5_key.vhd:7]
INFO: [VRFC 10-163] Analyzing VHDL file "C:/Users/UnFound/OneDrive - nyu.edu/6463_AHD/LAB7/right_rotate.vhd" into library xil_defaultlib
INFO: [VRFC 10-307] analyzing entity right_rotate
INFO: [VRFC 10-163] Analyzing VHDL file "C:/Users/UnFound/OneDrive - nyu.edu/6463_AHD/LAB7/rc5_tb.vhd" into library xil_defaultlib
INFO: [VRFC 10-307] analyzing entity rc5_tb
