Vivado Simulator 2018.2
Copyright 1986-1999, 2001-2018 Xilinx, Inc. All Rights Reserved.
Running: D:/Xilinx/Vivado/2018.2/bin/unwrapped/win64.o/xelab.exe -wto f545c436dff74788ab41f0f534697cdf --incr --debug typical --relax --mt 2 -L xil_defaultlib -L secureip --snapshot MIPS_tb_behav xil_defaultlib.MIPS_tb -log elaborate.log 
Using 2 slave threads.
Starting static elaboration
Completed static elaboration
Starting simulation data flow analysis
Completed simulation data flow analysis
Time Resolution for simulation is 1ps
Compiling package std.standard
Compiling package std.textio
Compiling package ieee.std_logic_1164
Compiling package xil_defaultlib.header
Compiling package ieee.std_logic_arith
Compiling package ieee.std_logic_unsigned
Compiling package ieee.numeric_std
Compiling architecture behavioral of entity xil_defaultlib.Mux [mux_default]
Compiling architecture behavioral of entity xil_defaultlib.Flipflop [flipflop_default]
Compiling architecture behavioral of entity xil_defaultlib.Instruction_Mem [instruction_mem_default]
Compiling architecture behavioral of entity xil_defaultlib.Adder [adder_default]
Compiling architecture behavioral of entity xil_defaultlib.Control_Unit [control_unit_default]
Compiling architecture behavioral of entity xil_defaultlib.Reg_File [reg_file_default]
Compiling architecture behavioral of entity xil_defaultlib.Sign_Extend [sign_extend_default]
Compiling architecture behavioral of entity xil_defaultlib.Left_Shift_2 [left_shift_2_default]
Compiling architecture behavioral of entity xil_defaultlib.ALU [alu_default]
Compiling architecture behavioral of entity xil_defaultlib.Data_Mem [data_mem_default]
Compiling architecture behavioral of entity xil_defaultlib.MIPS [mips_default]
Compiling architecture behavioral of entity xil_defaultlib.mips_tb
Built simulation snapshot MIPS_tb_behav
